<?xml version="1.0" encoding="UTF-8"?>
<!-- Generated by org.testng.reporters.JUnitXMLReporter -->
<testsuite hostname="DESKTOP-OHT1M87" ignored="0" name="Default test" tests="5" failures="0" timestamp="2022-08-30T09:19:33 IST" time="39.936" errors="0">
  <testcase name="testActiTimeValidLogin" time="0.99" classname="testngpack.DataproviderCode"/>
  <testcase name="testActiTimeValidLogin" time="0.547" classname="testngpack.DataproviderCode"/>
  <testcase name="testActiTimeValidLogin" time="0.427" classname="testngpack.DataproviderCode"/>
  <testcase name="testActiTimeValidLogin" time="0.304" classname="testngpack.DataproviderCode"/>
  <testcase name="testActiTimeValidLogin" time="0.341" classname="testngpack.DataproviderCode"/>
</testsuite> <!-- Default test -->
