<?xml version="1.0" encoding="UTF-8"?>
<!-- Generated by org.testng.reporters.JUnitReportReporter -->
<testsuite skipped="0" hostname="DESKTOP-OHT1M87" name="testngpack.Flag7" tests="5000" failures="0" timestamp="2022-08-20T17:38:47 IST" time="3.212" errors="0">
  <testcase name="f" time="0.000" classname="testngpack.Flag7"/>
  <system-out>
    <![CDATA[create and delete user]]>
  </system-out>
  <testcase name="f" time="0.000" classname="testngpack.Flag7"/>
  <system-out>
    <![CDATA[create and delete user]]>
  </system-out>
  <testcase name="f" time="0.001" classname="testngpack.Flag7"/>
  <system-out>
    <![CDATA[create and delete user]]>
  </system-out>
  <testcase name="f" time="0.000" classname="testngpack.Flag7"/>
  <system-out>
    <![CDATA[create and delete user]]>
  </system-out>
  <testcase name="f" time="0.000" classname="testngpack.Flag7"/>
  <system-out>
    <![CDATA[create and delete user]]>
  </system-out>
  <testcase name="f" time="0.000" classname="testngpack.Flag7"/>
  <system-out>
    <![CDATA[create and delete user]]>
  </system-out>
  <testcase name="f" time="0.000" classname="testngpack.Flag7"/>
  <system-out>
    <![CDATA[create and delete user]]>
  </system-out>
  <testcase name="f" time="0.000" classname="testngpack.Flag7"/>
  <system-out>
    <![CDATA[create and delete user]]>
  </system-out>
  <testcase name="f" time="0.001" classname="testngpack.Flag7"/>
  <system-out>
    <![CDATA[create and delete user]]>
  </system-out>
  <testcase name="f" time="0.000" classname="testngpack.Flag7"/>
  <system-out>
    <![CDATA[create and delete user]]>
  </system-out>
  <testcase name="f" time="0.001" classname="testngpack.Flag7"/>
  <system-out>
    <![CDATA[create and delete user]]>
  </system-out>
  <testcase name="f" time="0.000" classname="testngpack.Flag7"/>
  <system-out>
    <![CDATA[create and delete user]]>
  </system-out>
  <testcase name="f" time="0.001" classname="testngpack.Flag7"/>
  <system-out>
    <![CDATA[create and delete user]]>
  </system-out>
  <testcase name="f" time="0.000" classname="testngpack.Flag7"/>
  <system-out>
    <![CDATA[create and delete user]]>
  </system-out>
  <testcase name="f" time="0.000" classname="testngpack.Flag7"/>
  <system-out>
    <![CDATA[create and delete user]]>
  </system-out>
  <testcase name="f" time="0.006" classname="testngpack.Flag7"/>
  <system-out>
    <![CDATA[create and delete user]]>
  </system-out>
  <testcase name="f" time="0.000" classname="testngpack.Flag7"/>
  <system-out>
    <![CDATA[create and delete user]]>
  </system-out>
  <testcase name="f" time="0.000" classname="testngpack.Flag7"/>
  <system-out>
    <![CDATA[create and delete user]]>
  </system-out>
  <testcase name="f" time="0.001" classname="testngpack.Flag7"/>
  <system-out>
    <![CDATA[create and delete user]]>
  </system-out>
  <testcase name="f" time="0.000" classname="testngpack.Flag7"/>
  <system-out>
    <![CDATA[create and delete user]]>
  </system-out>
  <testcase name="f" time="0.000" classname="testngpack.Flag7"/>
  <system-out>
    <![CDATA[create and delete user]]>
  </system-out>
  <testcase name="f" time="0.000" classname="testngpack.Flag7"/>
  <system-out>
    <![CDATA[create and delete user]]>
  </system-out>
  <testcase name="f" time="0.000" classname="testngpack.Flag7"/>
  <system-out>
    <![CDATA[create and delete user]]>
  </system-out>
  <testcase name="f" time="0.000" classname="testngpack.Flag7"/>
  <system-out>
    <![CDATA[create and delete user]]>
  </system-out>
  <testcase name="f" time="0.000" classname="testngpack.Flag7"/>
  <system-out>
    <![CDATA[create and delete user]]>
  </system-out>
  <testcase name="f" time="0.000" classname="testngpack.Flag7"/>
  <system-out>
    <![CDATA[create and delete user]]>
  </system-out>
  <testcase name="f" time="0.000" classname="testngpack.Flag7"/>
  <system-out>
    <![CDATA[create and delete user]]>
  </system-out>
  <testcase name="f" time="0.000" classname="testngpack.Flag7"/>
  <system-out>
    <![CDATA[create and delete user]]>
  </system-out>
  <testcase name="f" time="0.000" classname="testngpack.Flag7"/>
  <system-out>
    <![CDATA[create and delete user]]>
  </system-out>
  <testcase name="f" time="0.000" classname="testngpack.Flag7"/>
  <system-out>
    <![CDATA[create and delete user]]>
  </system-out>
  <testcase name="f" time="0.000" classname="testngpack.Flag7"/>
  <system-out>
    <![CDATA[create and delete user]]>
  </system-out>
  <testcase name="f" time="0.000" classname="testngpack.Flag7"/>
  <system-out>
    <![CDATA[create and delete user]]>
  </system-out>
  <testcase name="f" time="0.000" classname="testngpack.Flag7"/>
  <system-out>
    <![CDATA[create and delete user]]>
  </system-out>
  <testcase name="f" time="0.000" classname="testngpack.Flag7"/>
  <system-out>
    <![CDATA[create and delete user]]>
  </system-out>
  <testcase name="f" time="0.000" classname="testngpack.Flag7"/>
  <system-out>
    <![CDATA[create and delete user]]>
  </system-out>
  <testcase name="f" time="0.002" classname="testngpack.Flag7"/>
  <system-out>
    <![CDATA[create and delete user]]>
  </system-out>
  <testcase name="f" time="0.001" classname="testngpack.Flag7"/>
  <system-out>
    <![CDATA[create and delete user]]>
  </system-out>
  <testcase name="f" time="0.000" classname="testngpack.Flag7"/>
  <system-out>
    <![CDATA[create and delete user]]>
  </system-out>
  <testcase name="f" time="0.000" classname="testngpack.Flag7"/>
  <system-out>
    <![CDATA[create and delete user]]>
  </system-out>
  <testcase name="f" time="0.000" classname="testngpack.Flag7"/>
  <system-out>
    <![CDATA[create and delete user]]>
  </system-out>
  <testcase name="f" time="0.001" classname="testngpack.Flag7"/>
  <system-out>
    <![CDATA[create and delete user]]>
  </system-out>
  <testcase name="f" time="0.000" classname="testngpack.Flag7"/>
  <system-out>
    <![CDATA[create and delete user]]>
  </system-out>
  <testcase name="f" time="0.000" classname="testngpack.Flag7"/>
  <system-out>
    <![CDATA[create and delete user]]>
  </system-out>
  <testcase name="f" time="0.000" classname="testngpack.Flag7"/>
  <system-out>
    <![CDATA[create and delete user]]>
  </system-out>
  <testcase name="f" time="0.001" classname="testngpack.Flag7"/>
  <system-out>
    <![CDATA[create and delete user]]>
  </system-out>
  <testcase name="f" time="0.003" classname="testngpack.Flag7"/>
  <system-out>
    <![CDATA[create and delete user]]>
  </system-out>
  <testcase name="f" time="0.000" classname="testngpack.Flag7"/>
  <system-out>
    <![CDATA[create and delete user]]>
  </system-out>
  <testcase name="f" time="0.001" classname="testngpack.Flag7"/>
  <system-out>
    <![CDATA[create and delete user]]>
  </system-out>
  <testcase name="f" time="0.000" classname="testngpack.Flag7"/>
  <system-out>
    <![CDATA[create and delete user]]>
  </system-out>
  <testcase name="f" time="0.000" classname="testngpack.Flag7"/>
  <system-out>
    <![CDATA[create and delete user]]>
  </system-out>
  <testcase name="f" time="0.001" classname="testngpack.Flag7"/>
  <system-out>
    <![CDATA[create and delete user]]>
  </system-out>
  <testcase name="f" time="0.000" classname="testngpack.Flag7"/>
  <system-out>
    <![CDATA[create and delete user]]>
  </system-out>
  <testcase name="f" time="0.004" classname="testngpack.Flag7"/>
  <system-out>
    <![CDATA[create and delete user]]>
  </system-out>
  <testcase name="f" time="0.000" classname="testngpack.Flag7"/>
  <system-out>
    <![CDATA[create and delete user]]>
  </system-out>
  <testcase name="f" time="0.000" classname="testngpack.Flag7"/>
  <system-out>
    <![CDATA[create and delete user]]>
  </system-out>
  <testcase name="f" time="0.000" classname="testngpack.Flag7"/>
  <system-out>
    <![CDATA[create and delete user]]>
  </system-out>
  <testcase name="f" time="0.000" classname="testngpack.Flag7"/>
  <system-out>
    <![CDATA[create and delete user]]>
  </system-out>
  <testcase name="f" time="0.000" classname="testngpack.Flag7"/>
  <system-out>
    <![CDATA[create and delete user]]>
  </system-out>
  <testcase name="f" time="0.000" classname="testngpack.Flag7"/>
  <system-out>
    <![CDATA[create and delete user]]>
  </system-out>
  <testcase name="f" time="0.000" classname="testngpack.Flag7"/>
  <system-out>
    <![CDATA[create and delete user]]>
  </system-out>
  <testcase name="f" time="0.000" classname="testngpack.Flag7"/>
  <system-out>
    <![CDATA[create and delete user]]>
  </system-out>
  <testcase name="f" time="0.001" classname="testngpack.Flag7"/>
  <system-out>
    <![CDATA[create and delete user]]>
  </system-out>
  <testcase name="f" time="0.000" classname="testngpack.Flag7"/>
  <system-out>
    <![CDATA[create and delete user]]>
  </system-out>
  <testcase name="f" time="0.000" classname="testngpack.Flag7"/>
  <system-out>
    <![CDATA[create and delete user]]>
  </system-out>
  <testcase name="f" time="0.000" classname="testngpack.Flag7"/>
  <system-out>
    <![CDATA[create and delete user]]>
  </system-out>
  <testcase name="f" time="0.000" classname="testngpack.Flag7"/>
  <system-out>
    <![CDATA[create and delete user]]>
  </system-out>
  <testcase name="f" time="0.000" classname="testngpack.Flag7"/>
  <system-out>
    <![CDATA[create and delete user]]>
  </system-out>
  <testcase name="f" time="0.000" classname="testngpack.Flag7"/>
  <system-out>
    <![CDATA[create and delete user]]>
  </system-out>
  <testcase name="f" time="0.001" classname="testngpack.Flag7"/>
  <system-out>
    <![CDATA[create and delete user]]>
  </system-out>
  <testcase name="f" time="0.000" classname="testngpack.Flag7"/>
  <system-out>
    <![CDATA[create and delete user]]>
  </system-out>
  <testcase name="f" time="0.013" classname="testngpack.Flag7"/>
  <system-out>
    <![CDATA[create and delete user]]>
  </system-out>
  <testcase name="f" time="0.000" classname="testngpack.Flag7"/>
  <system-out>
    <![CDATA[create and delete user]]>
  </system-out>
  <testcase name="f" time="0.000" classname="testngpack.Flag7"/>
  <system-out>
    <![CDATA[create and delete user]]>
  </system-out>
  <testcase name="f" time="0.001" classname="testngpack.Flag7"/>
  <system-out>
    <![CDATA[create and delete user]]>
  </system-out>
  <testcase name="f" time="0.000" classname="testngpack.Flag7"/>
  <system-out>
    <![CDATA[create and delete user]]>
  </system-out>
  <testcase name="f" time="0.000" classname="testngpack.Flag7"/>
  <system-out>
    <![CDATA[create and delete user]]>
  </system-out>
  <testcase name="f" time="0.000" classname="testngpack.Flag7"/>
  <system-out>
    <![CDATA[create and delete user]]>
  </system-out>
  <testcase name="f" time="0.001" classname="testngpack.Flag7"/>
  <system-out>
    <![CDATA[create and delete user]]>
  </system-out>
  <testcase name="f" time="0.000" classname="testngpack.Flag7"/>
  <system-out>
    <![CDATA[create and delete user]]>
  </system-out>
  <testcase name="f" time="0.000" classname="testngpack.Flag7"/>
  <system-out>
    <![CDATA[create and delete user]]>
  </system-out>
  <testcase name="f" time="0.000" classname="testngpack.Flag7"/>
  <system-out>
    <![CDATA[create and delete user]]>
  </system-out>
  <testcase name="f" time="0.000" classname="testngpack.Flag7"/>
  <system-out>
    <![CDATA[create and delete user]]>
  </system-out>
  <testcase name="f" time="0.000" classname="testngpack.Flag7"/>
  <system-out>
    <![CDATA[create and delete user]]>
  </system-out>
  <testcase name="f" time="0.000" classname="testngpack.Flag7"/>
  <system-out>
    <![CDATA[create and delete user]]>
  </system-out>
  <testcase name="f" time="0.001" classname="testngpack.Flag7"/>
  <system-out>
    <![CDATA[create and delete user]]>
  </system-out>
  <testcase name="f" time="0.000" classname="testngpack.Flag7"/>
  <system-out>
    <![CDATA[create and delete user]]>
  </system-out>
  <testcase name="f" time="0.000" classname="testngpack.Flag7"/>
  <system-out>
    <![CDATA[create and delete user]]>
  </system-out>
  <testcase name="f" time="0.000" classname="testngpack.Flag7"/>
  <system-out>
    <![CDATA[create and delete user]]>
  </system-out>
  <testcase name="f" time="0.000" classname="testngpack.Flag7"/>
  <system-out>
    <![CDATA[create and delete user]]>
  </system-out>
  <testcase name="f" time="0.000" classname="testngpack.Flag7"/>
  <system-out>
    <![CDATA[create and delete user]]>
  </system-out>
  <testcase name="f" time="0.000" classname="testngpack.Flag7"/>
  <system-out>
    <![CDATA[create and delete user]]>
  </system-out>
  <testcase name="f" time="0.000" classname="testngpack.Flag7"/>
  <system-out>
    <![CDATA[create and delete user]]>
  </system-out>
  <testcase name="f" time="0.000" classname="testngpack.Flag7"/>
  <system-out>
    <![CDATA[create and delete user]]>
  </system-out>
  <testcase name="f" time="0.000" classname="testngpack.Flag7"/>
  <system-out>
    <![CDATA[create and delete user]]>
  </system-out>
  <testcase name="f" time="0.000" classname="testngpack.Flag7"/>
  <system-out>
    <![CDATA[create and delete user]]>
  </system-out>
  <testcase name="f" time="0.000" classname="testngpack.Flag7"/>
  <system-out>
    <![CDATA[create and delete user]]>
  </system-out>
  <testcase name="f" time="0.001" classname="testngpack.Flag7"/>
  <system-out>
    <![CDATA[create and delete user]]>
  </system-out>
  <testcase name="f" time="0.000" classname="testngpack.Flag7"/>
  <system-out>
    <![CDATA[create and delete user]]>
  </system-out>
  <testcase name="f" time="0.000" classname="testngpack.Flag7"/>
  <system-out>
    <![CDATA[create and delete user]]>
  </system-out>
  <testcase name="f" time="0.000" classname="testngpack.Flag7"/>
  <system-out>
    <![CDATA[create and delete user]]>
  </system-out>
  <testcase name="f" time="0.001" classname="testngpack.Flag7"/>
  <system-out>
    <![CDATA[create and delete user]]>
  </system-out>
  <testcase name="f" time="0.000" classname="testngpack.Flag7"/>
  <system-out>
    <![CDATA[create and delete user]]>
  </system-out>
  <testcase name="f" time="0.000" classname="testngpack.Flag7"/>
  <system-out>
    <![CDATA[create and delete user]]>
  </system-out>
  <testcase name="f" time="0.000" classname="testngpack.Flag7"/>
  <system-out>
    <![CDATA[create and delete user]]>
  </system-out>
  <testcase name="f" time="0.000" classname="testngpack.Flag7"/>
  <system-out>
    <![CDATA[create and delete user]]>
  </system-out>
  <testcase name="f" time="0.000" classname="testngpack.Flag7"/>
  <system-out>
    <![CDATA[create and delete user]]>
  </system-out>
  <testcase name="f" time="0.001" classname="testngpack.Flag7"/>
  <system-out>
    <![CDATA[create and delete user]]>
  </system-out>
  <testcase name="f" time="0.001" classname="testngpack.Flag7"/>
  <system-out>
    <![CDATA[create and delete user]]>
  </system-out>
  <testcase name="f" time="0.000" classname="testngpack.Flag7"/>
  <system-out>
    <![CDATA[create and delete user]]>
  </system-out>
  <testcase name="f" time="0.000" classname="testngpack.Flag7"/>
  <system-out>
    <![CDATA[create and delete user]]>
  </system-out>
  <testcase name="f" time="0.000" classname="testngpack.Flag7"/>
  <system-out>
    <![CDATA[create and delete user]]>
  </system-out>
  <testcase name="f" time="0.000" classname="testngpack.Flag7"/>
  <system-out>
    <![CDATA[create and delete user]]>
  </system-out>
  <testcase name="f" time="0.000" classname="testngpack.Flag7"/>
  <system-out>
    <![CDATA[create and delete user]]>
  </system-out>
  <testcase name="f" time="0.000" classname="testngpack.Flag7"/>
  <system-out>
    <![CDATA[create and delete user]]>
  </system-out>
  <testcase name="f" time="0.000" classname="testngpack.Flag7"/>
  <system-out>
    <![CDATA[create and delete user]]>
  </system-out>
  <testcase name="f" time="0.000" classname="testngpack.Flag7"/>
  <system-out>
    <![CDATA[create and delete user]]>
  </system-out>
  <testcase name="f" time="0.000" classname="testngpack.Flag7"/>
  <system-out>
    <![CDATA[create and delete user]]>
  </system-out>
  <testcase name="f" time="0.000" classname="testngpack.Flag7"/>
  <system-out>
    <![CDATA[create and delete user]]>
  </system-out>
  <testcase name="f" time="0.001" classname="testngpack.Flag7"/>
  <system-out>
    <![CDATA[create and delete user]]>
  </system-out>
  <testcase name="f" time="0.000" classname="testngpack.Flag7"/>
  <system-out>
    <![CDATA[create and delete user]]>
  </system-out>
  <testcase name="f" time="0.000" classname="testngpack.Flag7"/>
  <system-out>
    <![CDATA[create and delete user]]>
  </system-out>
  <testcase name="f" time="0.008" classname="testngpack.Flag7"/>
  <system-out>
    <![CDATA[create and delete user]]>
  </system-out>
  <testcase name="f" time="0.001" classname="testngpack.Flag7"/>
  <system-out>
    <![CDATA[create and delete user]]>
  </system-out>
  <testcase name="f" time="0.001" classname="testngpack.Flag7"/>
  <system-out>
    <![CDATA[create and delete user]]>
  </system-out>
  <testcase name="f" time="0.000" classname="testngpack.Flag7"/>
  <system-out>
    <![CDATA[create and delete user]]>
  </system-out>
  <testcase name="f" time="0.000" classname="testngpack.Flag7"/>
  <system-out>
    <![CDATA[create and delete user]]>
  </system-out>
  <testcase name="f" time="0.000" classname="testngpack.Flag7"/>
  <system-out>
    <![CDATA[create and delete user]]>
  </system-out>
  <testcase name="f" time="0.000" classname="testngpack.Flag7"/>
  <system-out>
    <![CDATA[create and delete user]]>
  </system-out>
  <testcase name="f" time="0.000" classname="testngpack.Flag7"/>
  <system-out>
    <![CDATA[create and delete user]]>
  </system-out>
  <testcase name="f" time="0.000" classname="testngpack.Flag7"/>
  <system-out>
    <![CDATA[create and delete user]]>
  </system-out>
  <testcase name="f" time="0.000" classname="testngpack.Flag7"/>
  <system-out>
    <![CDATA[create and delete user]]>
  </system-out>
  <testcase name="f" time="0.000" classname="testngpack.Flag7"/>
  <system-out>
    <![CDATA[create and delete user]]>
  </system-out>
  <testcase name="f" time="0.000" classname="testngpack.Flag7"/>
  <system-out>
    <![CDATA[create and delete user]]>
  </system-out>
  <testcase name="f" time="0.000" classname="testngpack.Flag7"/>
  <system-out>
    <![CDATA[create and delete user]]>
  </system-out>
  <testcase name="f" time="0.001" classname="testngpack.Flag7"/>
  <system-out>
    <![CDATA[create and delete user]]>
  </system-out>
  <testcase name="f" time="0.002" classname="testngpack.Flag7"/>
  <system-out>
    <![CDATA[create and delete user]]>
  </system-out>
  <testcase name="f" time="0.000" classname="testngpack.Flag7"/>
  <system-out>
    <![CDATA[create and delete user]]>
  </system-out>
  <testcase name="f" time="0.000" classname="testngpack.Flag7"/>
  <system-out>
    <![CDATA[create and delete user]]>
  </system-out>
  <testcase name="f" time="0.000" classname="testngpack.Flag7"/>
  <system-out>
    <![CDATA[create and delete user]]>
  </system-out>
  <testcase name="f" time="0.000" classname="testngpack.Flag7"/>
  <system-out>
    <![CDATA[create and delete user]]>
  </system-out>
  <testcase name="f" time="0.000" classname="testngpack.Flag7"/>
  <system-out>
    <![CDATA[create and delete user]]>
  </system-out>
  <testcase name="f" time="0.000" classname="testngpack.Flag7"/>
  <system-out>
    <![CDATA[create and delete user]]>
  </system-out>
  <testcase name="f" time="0.000" classname="testngpack.Flag7"/>
  <system-out>
    <![CDATA[create and delete user]]>
  </system-out>
  <testcase name="f" time="0.000" classname="testngpack.Flag7"/>
  <system-out>
    <![CDATA[create and delete user]]>
  </system-out>
  <testcase name="f" time="0.000" classname="testngpack.Flag7"/>
  <system-out>
    <![CDATA[create and delete user]]>
  </system-out>
  <testcase name="f" time="0.000" classname="testngpack.Flag7"/>
  <system-out>
    <![CDATA[create and delete user]]>
  </system-out>
  <testcase name="f" time="0.000" classname="testngpack.Flag7"/>
  <system-out>
    <![CDATA[create and delete user]]>
  </system-out>
  <testcase name="f" time="0.000" classname="testngpack.Flag7"/>
  <system-out>
    <![CDATA[create and delete user]]>
  </system-out>
  <testcase name="f" time="0.000" classname="testngpack.Flag7"/>
  <system-out>
    <![CDATA[create and delete user]]>
  </system-out>
  <testcase name="f" time="0.000" classname="testngpack.Flag7"/>
  <system-out>
    <![CDATA[create and delete user]]>
  </system-out>
  <testcase name="f" time="0.000" classname="testngpack.Flag7"/>
  <system-out>
    <![CDATA[create and delete user]]>
  </system-out>
  <testcase name="f" time="0.000" classname="testngpack.Flag7"/>
  <system-out>
    <![CDATA[create and delete user]]>
  </system-out>
  <testcase name="f" time="0.000" classname="testngpack.Flag7"/>
  <system-out>
    <![CDATA[create and delete user]]>
  </system-out>
  <testcase name="f" time="0.000" classname="testngpack.Flag7"/>
  <system-out>
    <![CDATA[create and delete user]]>
  </system-out>
  <testcase name="f" time="0.000" classname="testngpack.Flag7"/>
  <system-out>
    <![CDATA[create and delete user]]>
  </system-out>
  <testcase name="f" time="0.000" classname="testngpack.Flag7"/>
  <system-out>
    <![CDATA[create and delete user]]>
  </system-out>
  <testcase name="f" time="0.000" classname="testngpack.Flag7"/>
  <system-out>
    <![CDATA[create and delete user]]>
  </system-out>
  <testcase name="f" time="0.000" classname="testngpack.Flag7"/>
  <system-out>
    <![CDATA[create and delete user]]>
  </system-out>
  <testcase name="f" time="0.008" classname="testngpack.Flag7"/>
  <system-out>
    <![CDATA[create and delete user]]>
  </system-out>
  <testcase name="f" time="0.001" classname="testngpack.Flag7"/>
  <system-out>
    <![CDATA[create and delete user]]>
  </system-out>
  <testcase name="f" time="0.000" classname="testngpack.Flag7"/>
  <system-out>
    <![CDATA[create and delete user]]>
  </system-out>
  <testcase name="f" time="0.004" classname="testngpack.Flag7"/>
  <system-out>
    <![CDATA[create and delete user]]>
  </system-out>
  <testcase name="f" time="0.000" classname="testngpack.Flag7"/>
  <system-out>
    <![CDATA[create and delete user]]>
  </system-out>
  <testcase name="f" time="0.000" classname="testngpack.Flag7"/>
  <system-out>
    <![CDATA[create and delete user]]>
  </system-out>
  <testcase name="f" time="0.001" classname="testngpack.Flag7"/>
  <system-out>
    <![CDATA[create and delete user]]>
  </system-out>
  <testcase name="f" time="0.000" classname="testngpack.Flag7"/>
  <system-out>
    <![CDATA[create and delete user]]>
  </system-out>
  <testcase name="f" time="0.000" classname="testngpack.Flag7"/>
  <system-out>
    <![CDATA[create and delete user]]>
  </system-out>
  <testcase name="f" time="0.000" classname="testngpack.Flag7"/>
  <system-out>
    <![CDATA[create and delete user]]>
  </system-out>
  <testcase name="f" time="0.000" classname="testngpack.Flag7"/>
  <system-out>
    <![CDATA[create and delete user]]>
  </system-out>
  <testcase name="f" time="0.000" classname="testngpack.Flag7"/>
  <system-out>
    <![CDATA[create and delete user]]>
  </system-out>
  <testcase name="f" time="0.000" classname="testngpack.Flag7"/>
  <system-out>
    <![CDATA[create and delete user]]>
  </system-out>
  <testcase name="f" time="0.000" classname="testngpack.Flag7"/>
  <system-out>
    <![CDATA[create and delete user]]>
  </system-out>
  <testcase name="f" time="0.000" classname="testngpack.Flag7"/>
  <system-out>
    <![CDATA[create and delete user]]>
  </system-out>
  <testcase name="f" time="0.000" classname="testngpack.Flag7"/>
  <system-out>
    <![CDATA[create and delete user]]>
  </system-out>
  <testcase name="f" time="0.000" classname="testngpack.Flag7"/>
  <system-out>
    <![CDATA[create and delete user]]>
  </system-out>
  <testcase name="f" time="0.001" classname="testngpack.Flag7"/>
  <system-out>
    <![CDATA[create and delete user]]>
  </system-out>
  <testcase name="f" time="0.008" classname="testngpack.Flag7"/>
  <system-out>
    <![CDATA[create and delete user]]>
  </system-out>
  <testcase name="f" time="0.000" classname="testngpack.Flag7"/>
  <system-out>
    <![CDATA[create and delete user]]>
  </system-out>
  <testcase name="f" time="0.000" classname="testngpack.Flag7"/>
  <system-out>
    <![CDATA[create and delete user]]>
  </system-out>
  <testcase name="f" time="0.000" classname="testngpack.Flag7"/>
  <system-out>
    <![CDATA[create and delete user]]>
  </system-out>
  <testcase name="f" time="0.000" classname="testngpack.Flag7"/>
  <system-out>
    <![CDATA[create and delete user]]>
  </system-out>
  <testcase name="f" time="0.000" classname="testngpack.Flag7"/>
  <system-out>
    <![CDATA[create and delete user]]>
  </system-out>
  <testcase name="f" time="0.000" classname="testngpack.Flag7"/>
  <system-out>
    <![CDATA[create and delete user]]>
  </system-out>
  <testcase name="f" time="0.001" classname="testngpack.Flag7"/>
  <system-out>
    <![CDATA[create and delete user]]>
  </system-out>
  <testcase name="f" time="0.000" classname="testngpack.Flag7"/>
  <system-out>
    <![CDATA[create and delete user]]>
  </system-out>
  <testcase name="f" time="0.000" classname="testngpack.Flag7"/>
  <system-out>
    <![CDATA[create and delete user]]>
  </system-out>
  <testcase name="f" time="0.001" classname="testngpack.Flag7"/>
  <system-out>
    <![CDATA[create and delete user]]>
  </system-out>
  <testcase name="f" time="0.008" classname="testngpack.Flag7"/>
  <system-out>
    <![CDATA[create and delete user]]>
  </system-out>
  <testcase name="f" time="0.000" classname="testngpack.Flag7"/>
  <system-out>
    <![CDATA[create and delete user]]>
  </system-out>
  <testcase name="f" time="0.000" classname="testngpack.Flag7"/>
  <system-out>
    <![CDATA[create and delete user]]>
  </system-out>
  <testcase name="f" time="0.000" classname="testngpack.Flag7"/>
  <system-out>
    <![CDATA[create and delete user]]>
  </system-out>
  <testcase name="f" time="0.000" classname="testngpack.Flag7"/>
  <system-out>
    <![CDATA[create and delete user]]>
  </system-out>
  <testcase name="f" time="0.006" classname="testngpack.Flag7"/>
  <system-out>
    <![CDATA[create and delete user]]>
  </system-out>
  <testcase name="f" time="0.000" classname="testngpack.Flag7"/>
  <system-out>
    <![CDATA[create and delete user]]>
  </system-out>
  <testcase name="f" time="0.002" classname="testngpack.Flag7"/>
  <system-out>
    <![CDATA[create and delete user]]>
  </system-out>
  <testcase name="f" time="0.001" classname="testngpack.Flag7"/>
  <system-out>
    <![CDATA[create and delete user]]>
  </system-out>
  <testcase name="f" time="0.000" classname="testngpack.Flag7"/>
  <system-out>
    <![CDATA[create and delete user]]>
  </system-out>
  <testcase name="f" time="0.000" classname="testngpack.Flag7"/>
  <system-out>
    <![CDATA[create and delete user]]>
  </system-out>
  <testcase name="f" time="0.000" classname="testngpack.Flag7"/>
  <system-out>
    <![CDATA[create and delete user]]>
  </system-out>
  <testcase name="f" time="0.000" classname="testngpack.Flag7"/>
  <system-out>
    <![CDATA[create and delete user]]>
  </system-out>
  <testcase name="f" time="0.000" classname="testngpack.Flag7"/>
  <system-out>
    <![CDATA[create and delete user]]>
  </system-out>
  <testcase name="f" time="0.000" classname="testngpack.Flag7"/>
  <system-out>
    <![CDATA[create and delete user]]>
  </system-out>
  <testcase name="f" time="0.000" classname="testngpack.Flag7"/>
  <system-out>
    <![CDATA[create and delete user]]>
  </system-out>
  <testcase name="f" time="0.005" classname="testngpack.Flag7"/>
  <system-out>
    <![CDATA[create and delete user]]>
  </system-out>
  <testcase name="f" time="0.000" classname="testngpack.Flag7"/>
  <system-out>
    <![CDATA[create and delete user]]>
  </system-out>
  <testcase name="f" time="0.000" classname="testngpack.Flag7"/>
  <system-out>
    <![CDATA[create and delete user]]>
  </system-out>
  <testcase name="f" time="0.001" classname="testngpack.Flag7"/>
  <system-out>
    <![CDATA[create and delete user]]>
  </system-out>
  <testcase name="f" time="0.000" classname="testngpack.Flag7"/>
  <system-out>
    <![CDATA[create and delete user]]>
  </system-out>
  <testcase name="f" time="0.001" classname="testngpack.Flag7"/>
  <system-out>
    <![CDATA[create and delete user]]>
  </system-out>
  <testcase name="f" time="0.001" classname="testngpack.Flag7"/>
  <system-out>
    <![CDATA[create and delete user]]>
  </system-out>
  <testcase name="f" time="0.000" classname="testngpack.Flag7"/>
  <system-out>
    <![CDATA[create and delete user]]>
  </system-out>
  <testcase name="f" time="0.000" classname="testngpack.Flag7"/>
  <system-out>
    <![CDATA[create and delete user]]>
  </system-out>
  <testcase name="f" time="0.000" classname="testngpack.Flag7"/>
  <system-out>
    <![CDATA[create and delete user]]>
  </system-out>
  <testcase name="f" time="0.000" classname="testngpack.Flag7"/>
  <system-out>
    <![CDATA[create and delete user]]>
  </system-out>
  <testcase name="f" time="0.000" classname="testngpack.Flag7"/>
  <system-out>
    <![CDATA[create and delete user]]>
  </system-out>
  <testcase name="f" time="0.000" classname="testngpack.Flag7"/>
  <system-out>
    <![CDATA[create and delete user]]>
  </system-out>
  <testcase name="f" time="0.009" classname="testngpack.Flag7"/>
  <system-out>
    <![CDATA[create and delete user]]>
  </system-out>
  <testcase name="f" time="0.000" classname="testngpack.Flag7"/>
  <system-out>
    <![CDATA[create and delete user]]>
  </system-out>
  <testcase name="f" time="0.000" classname="testngpack.Flag7"/>
  <system-out>
    <![CDATA[create and delete user]]>
  </system-out>
  <testcase name="f" time="0.000" classname="testngpack.Flag7"/>
  <system-out>
    <![CDATA[create and delete user]]>
  </system-out>
  <testcase name="f" time="0.001" classname="testngpack.Flag7"/>
  <system-out>
    <![CDATA[create and delete user]]>
  </system-out>
  <testcase name="f" time="0.000" classname="testngpack.Flag7"/>
  <system-out>
    <![CDATA[create and delete user]]>
  </system-out>
  <testcase name="f" time="0.003" classname="testngpack.Flag7"/>
  <system-out>
    <![CDATA[create and delete user]]>
  </system-out>
  <testcase name="f" time="0.002" classname="testngpack.Flag7"/>
  <system-out>
    <![CDATA[create and delete user]]>
  </system-out>
  <testcase name="f" time="0.000" classname="testngpack.Flag7"/>
  <system-out>
    <![CDATA[create and delete user]]>
  </system-out>
  <testcase name="f" time="0.001" classname="testngpack.Flag7"/>
  <system-out>
    <![CDATA[create and delete user]]>
  </system-out>
  <testcase name="f" time="0.001" classname="testngpack.Flag7"/>
  <system-out>
    <![CDATA[create and delete user]]>
  </system-out>
  <testcase name="f" time="0.000" classname="testngpack.Flag7"/>
  <system-out>
    <![CDATA[create and delete user]]>
  </system-out>
  <testcase name="f" time="0.000" classname="testngpack.Flag7"/>
  <system-out>
    <![CDATA[create and delete user]]>
  </system-out>
  <testcase name="f" time="0.000" classname="testngpack.Flag7"/>
  <system-out>
    <![CDATA[create and delete user]]>
  </system-out>
  <testcase name="f" time="0.000" classname="testngpack.Flag7"/>
  <system-out>
    <![CDATA[create and delete user]]>
  </system-out>
  <testcase name="f" time="0.000" classname="testngpack.Flag7"/>
  <system-out>
    <![CDATA[create and delete user]]>
  </system-out>
  <testcase name="f" time="0.000" classname="testngpack.Flag7"/>
  <system-out>
    <![CDATA[create and delete user]]>
  </system-out>
  <testcase name="f" time="0.000" classname="testngpack.Flag7"/>
  <system-out>
    <![CDATA[create and delete user]]>
  </system-out>
  <testcase name="f" time="0.000" classname="testngpack.Flag7"/>
  <system-out>
    <![CDATA[create and delete user]]>
  </system-out>
  <testcase name="f" time="0.000" classname="testngpack.Flag7"/>
  <system-out>
    <![CDATA[create and delete user]]>
  </system-out>
  <testcase name="f" time="0.001" classname="testngpack.Flag7"/>
  <system-out>
    <![CDATA[create and delete user]]>
  </system-out>
  <testcase name="f" time="0.000" classname="testngpack.Flag7"/>
  <system-out>
    <![CDATA[create and delete user]]>
  </system-out>
  <testcase name="f" time="0.000" classname="testngpack.Flag7"/>
  <system-out>
    <![CDATA[create and delete user]]>
  </system-out>
  <testcase name="f" time="0.000" classname="testngpack.Flag7"/>
  <system-out>
    <![CDATA[create and delete user]]>
  </system-out>
  <testcase name="f" time="0.000" classname="testngpack.Flag7"/>
  <system-out>
    <![CDATA[create and delete user]]>
  </system-out>
  <testcase name="f" time="0.007" classname="testngpack.Flag7"/>
  <system-out>
    <![CDATA[create and delete user]]>
  </system-out>
  <testcase name="f" time="0.000" classname="testngpack.Flag7"/>
  <system-out>
    <![CDATA[create and delete user]]>
  </system-out>
  <testcase name="f" time="0.000" classname="testngpack.Flag7"/>
  <system-out>
    <![CDATA[create and delete user]]>
  </system-out>
  <testcase name="f" time="0.000" classname="testngpack.Flag7"/>
  <system-out>
    <![CDATA[create and delete user]]>
  </system-out>
  <testcase name="f" time="0.000" classname="testngpack.Flag7"/>
  <system-out>
    <![CDATA[create and delete user]]>
  </system-out>
  <testcase name="f" time="0.000" classname="testngpack.Flag7"/>
  <system-out>
    <![CDATA[create and delete user]]>
  </system-out>
  <testcase name="f" time="0.000" classname="testngpack.Flag7"/>
  <system-out>
    <![CDATA[create and delete user]]>
  </system-out>
  <testcase name="f" time="0.000" classname="testngpack.Flag7"/>
  <system-out>
    <![CDATA[create and delete user]]>
  </system-out>
  <testcase name="f" time="0.000" classname="testngpack.Flag7"/>
  <system-out>
    <![CDATA[create and delete user]]>
  </system-out>
  <testcase name="f" time="0.000" classname="testngpack.Flag7"/>
  <system-out>
    <![CDATA[create and delete user]]>
  </system-out>
  <testcase name="f" time="0.000" classname="testngpack.Flag7"/>
  <system-out>
    <![CDATA[create and delete user]]>
  </system-out>
  <testcase name="f" time="0.000" classname="testngpack.Flag7"/>
  <system-out>
    <![CDATA[create and delete user]]>
  </system-out>
  <testcase name="f" time="0.000" classname="testngpack.Flag7"/>
  <system-out>
    <![CDATA[create and delete user]]>
  </system-out>
  <testcase name="f" time="0.000" classname="testngpack.Flag7"/>
  <system-out>
    <![CDATA[create and delete user]]>
  </system-out>
  <testcase name="f" time="0.000" classname="testngpack.Flag7"/>
  <system-out>
    <![CDATA[create and delete user]]>
  </system-out>
  <testcase name="f" time="0.000" classname="testngpack.Flag7"/>
  <system-out>
    <![CDATA[create and delete user]]>
  </system-out>
  <testcase name="f" time="0.000" classname="testngpack.Flag7"/>
  <system-out>
    <![CDATA[create and delete user]]>
  </system-out>
  <testcase name="f" time="0.000" classname="testngpack.Flag7"/>
  <system-out>
    <![CDATA[create and delete user]]>
  </system-out>
  <testcase name="f" time="0.001" classname="testngpack.Flag7"/>
  <system-out>
    <![CDATA[create and delete user]]>
  </system-out>
  <testcase name="f" time="0.000" classname="testngpack.Flag7"/>
  <system-out>
    <![CDATA[create and delete user]]>
  </system-out>
  <testcase name="f" time="0.000" classname="testngpack.Flag7"/>
  <system-out>
    <![CDATA[create and delete user]]>
  </system-out>
  <testcase name="f" time="0.007" classname="testngpack.Flag7"/>
  <system-out>
    <![CDATA[create and delete user]]>
  </system-out>
  <testcase name="f" time="0.000" classname="testngpack.Flag7"/>
  <system-out>
    <![CDATA[create and delete user]]>
  </system-out>
  <testcase name="f" time="0.001" classname="testngpack.Flag7"/>
  <system-out>
    <![CDATA[create and delete user]]>
  </system-out>
  <testcase name="f" time="0.000" classname="testngpack.Flag7"/>
  <system-out>
    <![CDATA[create and delete user]]>
  </system-out>
  <testcase name="f" time="0.000" classname="testngpack.Flag7"/>
  <system-out>
    <![CDATA[create and delete user]]>
  </system-out>
  <testcase name="f" time="0.001" classname="testngpack.Flag7"/>
  <system-out>
    <![CDATA[create and delete user]]>
  </system-out>
  <testcase name="f" time="0.000" classname="testngpack.Flag7"/>
  <system-out>
    <![CDATA[create and delete user]]>
  </system-out>
  <testcase name="f" time="0.000" classname="testngpack.Flag7"/>
  <system-out>
    <![CDATA[create and delete user]]>
  </system-out>
  <testcase name="f" time="0.000" classname="testngpack.Flag7"/>
  <system-out>
    <![CDATA[create and delete user]]>
  </system-out>
  <testcase name="f" time="0.000" classname="testngpack.Flag7"/>
  <system-out>
    <![CDATA[create and delete user]]>
  </system-out>
  <testcase name="f" time="0.000" classname="testngpack.Flag7"/>
  <system-out>
    <![CDATA[create and delete user]]>
  </system-out>
  <testcase name="f" time="0.000" classname="testngpack.Flag7"/>
  <system-out>
    <![CDATA[create and delete user]]>
  </system-out>
  <testcase name="f" time="0.045" classname="testngpack.Flag7"/>
  <system-out>
    <![CDATA[create and delete user]]>
  </system-out>
  <testcase name="f" time="0.000" classname="testngpack.Flag7"/>
  <system-out>
    <![CDATA[create and delete user]]>
  </system-out>
  <testcase name="f" time="0.000" classname="testngpack.Flag7"/>
  <system-out>
    <![CDATA[create and delete user]]>
  </system-out>
  <testcase name="f" time="0.000" classname="testngpack.Flag7"/>
  <system-out>
    <![CDATA[create and delete user]]>
  </system-out>
  <testcase name="f" time="0.000" classname="testngpack.Flag7"/>
  <system-out>
    <![CDATA[create and delete user]]>
  </system-out>
  <testcase name="f" time="0.000" classname="testngpack.Flag7"/>
  <system-out>
    <![CDATA[create and delete user]]>
  </system-out>
  <testcase name="f" time="0.000" classname="testngpack.Flag7"/>
  <system-out>
    <![CDATA[create and delete user]]>
  </system-out>
  <testcase name="f" time="0.000" classname="testngpack.Flag7"/>
  <system-out>
    <![CDATA[create and delete user]]>
  </system-out>
  <testcase name="f" time="0.000" classname="testngpack.Flag7"/>
  <system-out>
    <![CDATA[create and delete user]]>
  </system-out>
  <testcase name="f" time="0.000" classname="testngpack.Flag7"/>
  <system-out>
    <![CDATA[create and delete user]]>
  </system-out>
  <testcase name="f" time="0.000" classname="testngpack.Flag7"/>
  <system-out>
    <![CDATA[create and delete user]]>
  </system-out>
  <testcase name="f" time="0.000" classname="testngpack.Flag7"/>
  <system-out>
    <![CDATA[create and delete user]]>
  </system-out>
  <testcase name="f" time="0.002" classname="testngpack.Flag7"/>
  <system-out>
    <![CDATA[create and delete user]]>
  </system-out>
  <testcase name="f" time="0.000" classname="testngpack.Flag7"/>
  <system-out>
    <![CDATA[create and delete user]]>
  </system-out>
  <testcase name="f" time="0.000" classname="testngpack.Flag7"/>
  <system-out>
    <![CDATA[create and delete user]]>
  </system-out>
  <testcase name="f" time="0.000" classname="testngpack.Flag7"/>
  <system-out>
    <![CDATA[create and delete user]]>
  </system-out>
  <testcase name="f" time="0.000" classname="testngpack.Flag7"/>
  <system-out>
    <![CDATA[create and delete user]]>
  </system-out>
  <testcase name="f" time="0.000" classname="testngpack.Flag7"/>
  <system-out>
    <![CDATA[create and delete user]]>
  </system-out>
  <testcase name="f" time="0.001" classname="testngpack.Flag7"/>
  <system-out>
    <![CDATA[create and delete user]]>
  </system-out>
  <testcase name="f" time="0.000" classname="testngpack.Flag7"/>
  <system-out>
    <![CDATA[create and delete user]]>
  </system-out>
  <testcase name="f" time="0.000" classname="testngpack.Flag7"/>
  <system-out>
    <![CDATA[create and delete user]]>
  </system-out>
  <testcase name="f" time="0.000" classname="testngpack.Flag7"/>
  <system-out>
    <![CDATA[create and delete user]]>
  </system-out>
  <testcase name="f" time="0.004" classname="testngpack.Flag7"/>
  <system-out>
    <![CDATA[create and delete user]]>
  </system-out>
  <testcase name="f" time="0.009" classname="testngpack.Flag7"/>
  <system-out>
    <![CDATA[create and delete user]]>
  </system-out>
  <testcase name="f" time="0.000" classname="testngpack.Flag7"/>
  <system-out>
    <![CDATA[create and delete user]]>
  </system-out>
  <testcase name="f" time="0.000" classname="testngpack.Flag7"/>
  <system-out>
    <![CDATA[create and delete user]]>
  </system-out>
  <testcase name="f" time="0.000" classname="testngpack.Flag7"/>
  <system-out>
    <![CDATA[create and delete user]]>
  </system-out>
  <testcase name="f" time="0.000" classname="testngpack.Flag7"/>
  <system-out>
    <![CDATA[create and delete user]]>
  </system-out>
  <testcase name="f" time="0.000" classname="testngpack.Flag7"/>
  <system-out>
    <![CDATA[create and delete user]]>
  </system-out>
  <testcase name="f" time="0.000" classname="testngpack.Flag7"/>
  <system-out>
    <![CDATA[create and delete user]]>
  </system-out>
  <testcase name="f" time="0.000" classname="testngpack.Flag7"/>
  <system-out>
    <![CDATA[create and delete user]]>
  </system-out>
  <testcase name="f" time="0.000" classname="testngpack.Flag7"/>
  <system-out>
    <![CDATA[create and delete user]]>
  </system-out>
  <testcase name="f" time="0.002" classname="testngpack.Flag7"/>
  <system-out>
    <![CDATA[create and delete user]]>
  </system-out>
  <testcase name="f" time="0.000" classname="testngpack.Flag7"/>
  <system-out>
    <![CDATA[create and delete user]]>
  </system-out>
  <testcase name="f" time="0.001" classname="testngpack.Flag7"/>
  <system-out>
    <![CDATA[create and delete user]]>
  </system-out>
  <testcase name="f" time="0.000" classname="testngpack.Flag7"/>
  <system-out>
    <![CDATA[create and delete user]]>
  </system-out>
  <testcase name="f" time="0.000" classname="testngpack.Flag7"/>
  <system-out>
    <![CDATA[create and delete user]]>
  </system-out>
  <testcase name="f" time="0.000" classname="testngpack.Flag7"/>
  <system-out>
    <![CDATA[create and delete user]]>
  </system-out>
  <testcase name="f" time="0.001" classname="testngpack.Flag7"/>
  <system-out>
    <![CDATA[create and delete user]]>
  </system-out>
  <testcase name="f" time="0.000" classname="testngpack.Flag7"/>
  <system-out>
    <![CDATA[create and delete user]]>
  </system-out>
  <testcase name="f" time="0.000" classname="testngpack.Flag7"/>
  <system-out>
    <![CDATA[create and delete user]]>
  </system-out>
  <testcase name="f" time="0.000" classname="testngpack.Flag7"/>
  <system-out>
    <![CDATA[create and delete user]]>
  </system-out>
  <testcase name="f" time="0.000" classname="testngpack.Flag7"/>
  <system-out>
    <![CDATA[create and delete user]]>
  </system-out>
  <testcase name="f" time="0.008" classname="testngpack.Flag7"/>
  <system-out>
    <![CDATA[create and delete user]]>
  </system-out>
  <testcase name="f" time="0.000" classname="testngpack.Flag7"/>
  <system-out>
    <![CDATA[create and delete user]]>
  </system-out>
  <testcase name="f" time="0.000" classname="testngpack.Flag7"/>
  <system-out>
    <![CDATA[create and delete user]]>
  </system-out>
  <testcase name="f" time="0.000" classname="testngpack.Flag7"/>
  <system-out>
    <![CDATA[create and delete user]]>
  </system-out>
  <testcase name="f" time="0.000" classname="testngpack.Flag7"/>
  <system-out>
    <![CDATA[create and delete user]]>
  </system-out>
  <testcase name="f" time="0.000" classname="testngpack.Flag7"/>
  <system-out>
    <![CDATA[create and delete user]]>
  </system-out>
  <testcase name="f" time="0.001" classname="testngpack.Flag7"/>
  <system-out>
    <![CDATA[create and delete user]]>
  </system-out>
  <testcase name="f" time="0.000" classname="testngpack.Flag7"/>
  <system-out>
    <![CDATA[create and delete user]]>
  </system-out>
  <testcase name="f" time="0.000" classname="testngpack.Flag7"/>
  <system-out>
    <![CDATA[create and delete user]]>
  </system-out>
  <testcase name="f" time="0.000" classname="testngpack.Flag7"/>
  <system-out>
    <![CDATA[create and delete user]]>
  </system-out>
  <testcase name="f" time="0.000" classname="testngpack.Flag7"/>
  <system-out>
    <![CDATA[create and delete user]]>
  </system-out>
  <testcase name="f" time="0.000" classname="testngpack.Flag7"/>
  <system-out>
    <![CDATA[create and delete user]]>
  </system-out>
  <testcase name="f" time="0.000" classname="testngpack.Flag7"/>
  <system-out>
    <![CDATA[create and delete user]]>
  </system-out>
  <testcase name="f" time="0.000" classname="testngpack.Flag7"/>
  <system-out>
    <![CDATA[create and delete user]]>
  </system-out>
  <testcase name="f" time="0.000" classname="testngpack.Flag7"/>
  <system-out>
    <![CDATA[create and delete user]]>
  </system-out>
  <testcase name="f" time="0.000" classname="testngpack.Flag7"/>
  <system-out>
    <![CDATA[create and delete user]]>
  </system-out>
  <testcase name="f" time="0.000" classname="testngpack.Flag7"/>
  <system-out>
    <![CDATA[create and delete user]]>
  </system-out>
  <testcase name="f" time="0.000" classname="testngpack.Flag7"/>
  <system-out>
    <![CDATA[create and delete user]]>
  </system-out>
  <testcase name="f" time="0.000" classname="testngpack.Flag7"/>
  <system-out>
    <![CDATA[create and delete user]]>
  </system-out>
  <testcase name="f" time="0.000" classname="testngpack.Flag7"/>
  <system-out>
    <![CDATA[create and delete user]]>
  </system-out>
  <testcase name="f" time="0.000" classname="testngpack.Flag7"/>
  <system-out>
    <![CDATA[create and delete user]]>
  </system-out>
  <testcase name="f" time="0.000" classname="testngpack.Flag7"/>
  <system-out>
    <![CDATA[create and delete user]]>
  </system-out>
  <testcase name="f" time="0.000" classname="testngpack.Flag7"/>
  <system-out>
    <![CDATA[create and delete user]]>
  </system-out>
  <testcase name="f" time="0.000" classname="testngpack.Flag7"/>
  <system-out>
    <![CDATA[create and delete user]]>
  </system-out>
  <testcase name="f" time="0.000" classname="testngpack.Flag7"/>
  <system-out>
    <![CDATA[create and delete user]]>
  </system-out>
  <testcase name="f" time="0.000" classname="testngpack.Flag7"/>
  <system-out>
    <![CDATA[create and delete user]]>
  </system-out>
  <testcase name="f" time="0.002" classname="testngpack.Flag7"/>
  <system-out>
    <![CDATA[create and delete user]]>
  </system-out>
  <testcase name="f" time="0.000" classname="testngpack.Flag7"/>
  <system-out>
    <![CDATA[create and delete user]]>
  </system-out>
  <testcase name="f" time="0.000" classname="testngpack.Flag7"/>
  <system-out>
    <![CDATA[create and delete user]]>
  </system-out>
  <testcase name="f" time="0.000" classname="testngpack.Flag7"/>
  <system-out>
    <![CDATA[create and delete user]]>
  </system-out>
  <testcase name="f" time="0.000" classname="testngpack.Flag7"/>
  <system-out>
    <![CDATA[create and delete user]]>
  </system-out>
  <testcase name="f" time="0.000" classname="testngpack.Flag7"/>
  <system-out>
    <![CDATA[create and delete user]]>
  </system-out>
  <testcase name="f" time="0.001" classname="testngpack.Flag7"/>
  <system-out>
    <![CDATA[create and delete user]]>
  </system-out>
  <testcase name="f" time="0.000" classname="testngpack.Flag7"/>
  <system-out>
    <![CDATA[create and delete user]]>
  </system-out>
  <testcase name="f" time="0.000" classname="testngpack.Flag7"/>
  <system-out>
    <![CDATA[create and delete user]]>
  </system-out>
  <testcase name="f" time="0.000" classname="testngpack.Flag7"/>
  <system-out>
    <![CDATA[create and delete user]]>
  </system-out>
  <testcase name="f" time="0.000" classname="testngpack.Flag7"/>
  <system-out>
    <![CDATA[create and delete user]]>
  </system-out>
  <testcase name="f" time="0.000" classname="testngpack.Flag7"/>
  <system-out>
    <![CDATA[create and delete user]]>
  </system-out>
  <testcase name="f" time="0.001" classname="testngpack.Flag7"/>
  <system-out>
    <![CDATA[create and delete user]]>
  </system-out>
  <testcase name="f" time="0.000" classname="testngpack.Flag7"/>
  <system-out>
    <![CDATA[create and delete user]]>
  </system-out>
  <testcase name="f" time="0.000" classname="testngpack.Flag7"/>
  <system-out>
    <![CDATA[create and delete user]]>
  </system-out>
  <testcase name="f" time="0.000" classname="testngpack.Flag7"/>
  <system-out>
    <![CDATA[create and delete user]]>
  </system-out>
  <testcase name="f" time="0.000" classname="testngpack.Flag7"/>
  <system-out>
    <![CDATA[create and delete user]]>
  </system-out>
  <testcase name="f" time="0.000" classname="testngpack.Flag7"/>
  <system-out>
    <![CDATA[create and delete user]]>
  </system-out>
  <testcase name="f" time="0.001" classname="testngpack.Flag7"/>
  <system-out>
    <![CDATA[create and delete user]]>
  </system-out>
  <testcase name="f" time="0.000" classname="testngpack.Flag7"/>
  <system-out>
    <![CDATA[create and delete user]]>
  </system-out>
  <testcase name="f" time="0.000" classname="testngpack.Flag7"/>
  <system-out>
    <![CDATA[create and delete user]]>
  </system-out>
  <testcase name="f" time="0.000" classname="testngpack.Flag7"/>
  <system-out>
    <![CDATA[create and delete user]]>
  </system-out>
  <testcase name="f" time="0.000" classname="testngpack.Flag7"/>
  <system-out>
    <![CDATA[create and delete user]]>
  </system-out>
  <testcase name="f" time="0.000" classname="testngpack.Flag7"/>
  <system-out>
    <![CDATA[create and delete user]]>
  </system-out>
  <testcase name="f" time="0.000" classname="testngpack.Flag7"/>
  <system-out>
    <![CDATA[create and delete user]]>
  </system-out>
  <testcase name="f" time="0.005" classname="testngpack.Flag7"/>
  <system-out>
    <![CDATA[create and delete user]]>
  </system-out>
  <testcase name="f" time="0.000" classname="testngpack.Flag7"/>
  <system-out>
    <![CDATA[create and delete user]]>
  </system-out>
  <testcase name="f" time="0.000" classname="testngpack.Flag7"/>
  <system-out>
    <![CDATA[create and delete user]]>
  </system-out>
  <testcase name="f" time="0.000" classname="testngpack.Flag7"/>
  <system-out>
    <![CDATA[create and delete user]]>
  </system-out>
  <testcase name="f" time="0.004" classname="testngpack.Flag7"/>
  <system-out>
    <![CDATA[create and delete user]]>
  </system-out>
  <testcase name="f" time="0.008" classname="testngpack.Flag7"/>
  <system-out>
    <![CDATA[create and delete user]]>
  </system-out>
  <testcase name="f" time="0.000" classname="testngpack.Flag7"/>
  <system-out>
    <![CDATA[create and delete user]]>
  </system-out>
  <testcase name="f" time="0.000" classname="testngpack.Flag7"/>
  <system-out>
    <![CDATA[create and delete user]]>
  </system-out>
  <testcase name="f" time="0.000" classname="testngpack.Flag7"/>
  <system-out>
    <![CDATA[create and delete user]]>
  </system-out>
  <testcase name="f" time="0.000" classname="testngpack.Flag7"/>
  <system-out>
    <![CDATA[create and delete user]]>
  </system-out>
  <testcase name="f" time="0.001" classname="testngpack.Flag7"/>
  <system-out>
    <![CDATA[create and delete user]]>
  </system-out>
  <testcase name="f" time="0.000" classname="testngpack.Flag7"/>
  <system-out>
    <![CDATA[create and delete user]]>
  </system-out>
  <testcase name="f" time="0.000" classname="testngpack.Flag7"/>
  <system-out>
    <![CDATA[create and delete user]]>
  </system-out>
  <testcase name="f" time="0.000" classname="testngpack.Flag7"/>
  <system-out>
    <![CDATA[create and delete user]]>
  </system-out>
  <testcase name="f" time="0.000" classname="testngpack.Flag7"/>
  <system-out>
    <![CDATA[create and delete user]]>
  </system-out>
  <testcase name="f" time="0.002" classname="testngpack.Flag7"/>
  <system-out>
    <![CDATA[create and delete user]]>
  </system-out>
  <testcase name="f" time="0.000" classname="testngpack.Flag7"/>
  <system-out>
    <![CDATA[create and delete user]]>
  </system-out>
  <testcase name="f" time="0.000" classname="testngpack.Flag7"/>
  <system-out>
    <![CDATA[create and delete user]]>
  </system-out>
  <testcase name="f" time="0.000" classname="testngpack.Flag7"/>
  <system-out>
    <![CDATA[create and delete user]]>
  </system-out>
  <testcase name="f" time="0.001" classname="testngpack.Flag7"/>
  <system-out>
    <![CDATA[create and delete user]]>
  </system-out>
  <testcase name="f" time="0.000" classname="testngpack.Flag7"/>
  <system-out>
    <![CDATA[create and delete user]]>
  </system-out>
  <testcase name="f" time="0.008" classname="testngpack.Flag7"/>
  <system-out>
    <![CDATA[create and delete user]]>
  </system-out>
  <testcase name="f" time="0.000" classname="testngpack.Flag7"/>
  <system-out>
    <![CDATA[create and delete user]]>
  </system-out>
  <testcase name="f" time="0.000" classname="testngpack.Flag7"/>
  <system-out>
    <![CDATA[create and delete user]]>
  </system-out>
  <testcase name="f" time="0.001" classname="testngpack.Flag7"/>
  <system-out>
    <![CDATA[create and delete user]]>
  </system-out>
  <testcase name="f" time="0.000" classname="testngpack.Flag7"/>
  <system-out>
    <![CDATA[create and delete user]]>
  </system-out>
  <testcase name="f" time="0.000" classname="testngpack.Flag7"/>
  <system-out>
    <![CDATA[create and delete user]]>
  </system-out>
  <testcase name="f" time="0.000" classname="testngpack.Flag7"/>
  <system-out>
    <![CDATA[create and delete user]]>
  </system-out>
  <testcase name="f" time="0.002" classname="testngpack.Flag7"/>
  <system-out>
    <![CDATA[create and delete user]]>
  </system-out>
  <testcase name="f" time="0.000" classname="testngpack.Flag7"/>
  <system-out>
    <![CDATA[create and delete user]]>
  </system-out>
  <testcase name="f" time="0.000" classname="testngpack.Flag7"/>
  <system-out>
    <![CDATA[create and delete user]]>
  </system-out>
  <testcase name="f" time="0.001" classname="testngpack.Flag7"/>
  <system-out>
    <![CDATA[create and delete user]]>
  </system-out>
  <testcase name="f" time="0.000" classname="testngpack.Flag7"/>
  <system-out>
    <![CDATA[create and delete user]]>
  </system-out>
  <testcase name="f" time="0.000" classname="testngpack.Flag7"/>
  <system-out>
    <![CDATA[create and delete user]]>
  </system-out>
  <testcase name="f" time="0.000" classname="testngpack.Flag7"/>
  <system-out>
    <![CDATA[create and delete user]]>
  </system-out>
  <testcase name="f" time="0.000" classname="testngpack.Flag7"/>
  <system-out>
    <![CDATA[create and delete user]]>
  </system-out>
  <testcase name="f" time="0.000" classname="testngpack.Flag7"/>
  <system-out>
    <![CDATA[create and delete user]]>
  </system-out>
  <testcase name="f" time="0.000" classname="testngpack.Flag7"/>
  <system-out>
    <![CDATA[create and delete user]]>
  </system-out>
  <testcase name="f" time="0.000" classname="testngpack.Flag7"/>
  <system-out>
    <![CDATA[create and delete user]]>
  </system-out>
  <testcase name="f" time="0.000" classname="testngpack.Flag7"/>
  <system-out>
    <![CDATA[create and delete user]]>
  </system-out>
  <testcase name="f" time="0.000" classname="testngpack.Flag7"/>
  <system-out>
    <![CDATA[create and delete user]]>
  </system-out>
  <testcase name="f" time="0.001" classname="testngpack.Flag7"/>
  <system-out>
    <![CDATA[create and delete user]]>
  </system-out>
  <testcase name="f" time="0.000" classname="testngpack.Flag7"/>
  <system-out>
    <![CDATA[create and delete user]]>
  </system-out>
  <testcase name="f" time="0.000" classname="testngpack.Flag7"/>
  <system-out>
    <![CDATA[create and delete user]]>
  </system-out>
  <testcase name="f" time="0.000" classname="testngpack.Flag7"/>
  <system-out>
    <![CDATA[create and delete user]]>
  </system-out>
  <testcase name="f" time="0.000" classname="testngpack.Flag7"/>
  <system-out>
    <![CDATA[create and delete user]]>
  </system-out>
  <testcase name="f" time="0.000" classname="testngpack.Flag7"/>
  <system-out>
    <![CDATA[create and delete user]]>
  </system-out>
  <testcase name="f" time="0.000" classname="testngpack.Flag7"/>
  <system-out>
    <![CDATA[create and delete user]]>
  </system-out>
  <testcase name="f" time="0.000" classname="testngpack.Flag7"/>
  <system-out>
    <![CDATA[create and delete user]]>
  </system-out>
  <testcase name="f" time="0.000" classname="testngpack.Flag7"/>
  <system-out>
    <![CDATA[create and delete user]]>
  </system-out>
  <testcase name="f" time="0.000" classname="testngpack.Flag7"/>
  <system-out>
    <![CDATA[create and delete user]]>
  </system-out>
  <testcase name="f" time="0.000" classname="testngpack.Flag7"/>
  <system-out>
    <![CDATA[create and delete user]]>
  </system-out>
  <testcase name="f" time="0.001" classname="testngpack.Flag7"/>
  <system-out>
    <![CDATA[create and delete user]]>
  </system-out>
  <testcase name="f" time="0.000" classname="testngpack.Flag7"/>
  <system-out>
    <![CDATA[create and delete user]]>
  </system-out>
  <testcase name="f" time="0.000" classname="testngpack.Flag7"/>
  <system-out>
    <![CDATA[create and delete user]]>
  </system-out>
  <testcase name="f" time="0.000" classname="testngpack.Flag7"/>
  <system-out>
    <![CDATA[create and delete user]]>
  </system-out>
  <testcase name="f" time="0.000" classname="testngpack.Flag7"/>
  <system-out>
    <![CDATA[create and delete user]]>
  </system-out>
  <testcase name="f" time="0.000" classname="testngpack.Flag7"/>
  <system-out>
    <![CDATA[create and delete user]]>
  </system-out>
  <testcase name="f" time="0.001" classname="testngpack.Flag7"/>
  <system-out>
    <![CDATA[create and delete user]]>
  </system-out>
  <testcase name="f" time="0.000" classname="testngpack.Flag7"/>
  <system-out>
    <![CDATA[create and delete user]]>
  </system-out>
  <testcase name="f" time="0.000" classname="testngpack.Flag7"/>
  <system-out>
    <![CDATA[create and delete user]]>
  </system-out>
  <testcase name="f" time="0.001" classname="testngpack.Flag7"/>
  <system-out>
    <![CDATA[create and delete user]]>
  </system-out>
  <testcase name="f" time="0.000" classname="testngpack.Flag7"/>
  <system-out>
    <![CDATA[create and delete user]]>
  </system-out>
  <testcase name="f" time="0.000" classname="testngpack.Flag7"/>
  <system-out>
    <![CDATA[create and delete user]]>
  </system-out>
  <testcase name="f" time="0.000" classname="testngpack.Flag7"/>
  <system-out>
    <![CDATA[create and delete user]]>
  </system-out>
  <testcase name="f" time="0.000" classname="testngpack.Flag7"/>
  <system-out>
    <![CDATA[create and delete user]]>
  </system-out>
  <testcase name="f" time="0.000" classname="testngpack.Flag7"/>
  <system-out>
    <![CDATA[create and delete user]]>
  </system-out>
  <testcase name="f" time="0.000" classname="testngpack.Flag7"/>
  <system-out>
    <![CDATA[create and delete user]]>
  </system-out>
  <testcase name="f" time="0.000" classname="testngpack.Flag7"/>
  <system-out>
    <![CDATA[create and delete user]]>
  </system-out>
  <testcase name="f" time="0.000" classname="testngpack.Flag7"/>
  <system-out>
    <![CDATA[create and delete user]]>
  </system-out>
  <testcase name="f" time="0.001" classname="testngpack.Flag7"/>
  <system-out>
    <![CDATA[create and delete user]]>
  </system-out>
  <testcase name="f" time="0.000" classname="testngpack.Flag7"/>
  <system-out>
    <![CDATA[create and delete user]]>
  </system-out>
  <testcase name="f" time="0.000" classname="testngpack.Flag7"/>
  <system-out>
    <![CDATA[create and delete user]]>
  </system-out>
  <testcase name="f" time="0.000" classname="testngpack.Flag7"/>
  <system-out>
    <![CDATA[create and delete user]]>
  </system-out>
  <testcase name="f" time="0.000" classname="testngpack.Flag7"/>
  <system-out>
    <![CDATA[create and delete user]]>
  </system-out>
  <testcase name="f" time="0.000" classname="testngpack.Flag7"/>
  <system-out>
    <![CDATA[create and delete user]]>
  </system-out>
  <testcase name="f" time="0.000" classname="testngpack.Flag7"/>
  <system-out>
    <![CDATA[create and delete user]]>
  </system-out>
  <testcase name="f" time="0.001" classname="testngpack.Flag7"/>
  <system-out>
    <![CDATA[create and delete user]]>
  </system-out>
  <testcase name="f" time="0.000" classname="testngpack.Flag7"/>
  <system-out>
    <![CDATA[create and delete user]]>
  </system-out>
  <testcase name="f" time="0.000" classname="testngpack.Flag7"/>
  <system-out>
    <![CDATA[create and delete user]]>
  </system-out>
  <testcase name="f" time="0.000" classname="testngpack.Flag7"/>
  <system-out>
    <![CDATA[create and delete user]]>
  </system-out>
  <testcase name="f" time="0.000" classname="testngpack.Flag7"/>
  <system-out>
    <![CDATA[create and delete user]]>
  </system-out>
  <testcase name="f" time="0.000" classname="testngpack.Flag7"/>
  <system-out>
    <![CDATA[create and delete user]]>
  </system-out>
  <testcase name="f" time="0.000" classname="testngpack.Flag7"/>
  <system-out>
    <![CDATA[create and delete user]]>
  </system-out>
  <testcase name="f" time="0.000" classname="testngpack.Flag7"/>
  <system-out>
    <![CDATA[create and delete user]]>
  </system-out>
  <testcase name="f" time="0.000" classname="testngpack.Flag7"/>
  <system-out>
    <![CDATA[create and delete user]]>
  </system-out>
  <testcase name="f" time="0.000" classname="testngpack.Flag7"/>
  <system-out>
    <![CDATA[create and delete user]]>
  </system-out>
  <testcase name="f" time="0.000" classname="testngpack.Flag7"/>
  <system-out>
    <![CDATA[create and delete user]]>
  </system-out>
  <testcase name="f" time="0.000" classname="testngpack.Flag7"/>
  <system-out>
    <![CDATA[create and delete user]]>
  </system-out>
  <testcase name="f" time="0.000" classname="testngpack.Flag7"/>
  <system-out>
    <![CDATA[create and delete user]]>
  </system-out>
  <testcase name="f" time="0.001" classname="testngpack.Flag7"/>
  <system-out>
    <![CDATA[create and delete user]]>
  </system-out>
  <testcase name="f" time="0.000" classname="testngpack.Flag7"/>
  <system-out>
    <![CDATA[create and delete user]]>
  </system-out>
  <testcase name="f" time="0.000" classname="testngpack.Flag7"/>
  <system-out>
    <![CDATA[create and delete user]]>
  </system-out>
  <testcase name="f" time="0.000" classname="testngpack.Flag7"/>
  <system-out>
    <![CDATA[create and delete user]]>
  </system-out>
  <testcase name="f" time="0.000" classname="testngpack.Flag7"/>
  <system-out>
    <![CDATA[create and delete user]]>
  </system-out>
  <testcase name="f" time="0.000" classname="testngpack.Flag7"/>
  <system-out>
    <![CDATA[create and delete user]]>
  </system-out>
  <testcase name="f" time="0.000" classname="testngpack.Flag7"/>
  <system-out>
    <![CDATA[create and delete user]]>
  </system-out>
  <testcase name="f" time="0.000" classname="testngpack.Flag7"/>
  <system-out>
    <![CDATA[create and delete user]]>
  </system-out>
  <testcase name="f" time="0.000" classname="testngpack.Flag7"/>
  <system-out>
    <![CDATA[create and delete user]]>
  </system-out>
  <testcase name="f" time="0.000" classname="testngpack.Flag7"/>
  <system-out>
    <![CDATA[create and delete user]]>
  </system-out>
  <testcase name="f" time="0.000" classname="testngpack.Flag7"/>
  <system-out>
    <![CDATA[create and delete user]]>
  </system-out>
  <testcase name="f" time="0.000" classname="testngpack.Flag7"/>
  <system-out>
    <![CDATA[create and delete user]]>
  </system-out>
  <testcase name="f" time="0.000" classname="testngpack.Flag7"/>
  <system-out>
    <![CDATA[create and delete user]]>
  </system-out>
  <testcase name="f" time="0.000" classname="testngpack.Flag7"/>
  <system-out>
    <![CDATA[create and delete user]]>
  </system-out>
  <testcase name="f" time="0.000" classname="testngpack.Flag7"/>
  <system-out>
    <![CDATA[create and delete user]]>
  </system-out>
  <testcase name="f" time="0.000" classname="testngpack.Flag7"/>
  <system-out>
    <![CDATA[create and delete user]]>
  </system-out>
  <testcase name="f" time="0.000" classname="testngpack.Flag7"/>
  <system-out>
    <![CDATA[create and delete user]]>
  </system-out>
  <testcase name="f" time="0.003" classname="testngpack.Flag7"/>
  <system-out>
    <![CDATA[create and delete user]]>
  </system-out>
  <testcase name="f" time="0.000" classname="testngpack.Flag7"/>
  <system-out>
    <![CDATA[create and delete user]]>
  </system-out>
  <testcase name="f" time="0.000" classname="testngpack.Flag7"/>
  <system-out>
    <![CDATA[create and delete user]]>
  </system-out>
  <testcase name="f" time="0.000" classname="testngpack.Flag7"/>
  <system-out>
    <![CDATA[create and delete user]]>
  </system-out>
  <testcase name="f" time="0.000" classname="testngpack.Flag7"/>
  <system-out>
    <![CDATA[create and delete user]]>
  </system-out>
  <testcase name="f" time="0.000" classname="testngpack.Flag7"/>
  <system-out>
    <![CDATA[create and delete user]]>
  </system-out>
  <testcase name="f" time="0.000" classname="testngpack.Flag7"/>
  <system-out>
    <![CDATA[create and delete user]]>
  </system-out>
  <testcase name="f" time="0.001" classname="testngpack.Flag7"/>
  <system-out>
    <![CDATA[create and delete user]]>
  </system-out>
  <testcase name="f" time="0.000" classname="testngpack.Flag7"/>
  <system-out>
    <![CDATA[create and delete user]]>
  </system-out>
  <testcase name="f" time="0.001" classname="testngpack.Flag7"/>
  <system-out>
    <![CDATA[create and delete user]]>
  </system-out>
  <testcase name="f" time="0.001" classname="testngpack.Flag7"/>
  <system-out>
    <![CDATA[create and delete user]]>
  </system-out>
  <testcase name="f" time="0.000" classname="testngpack.Flag7"/>
  <system-out>
    <![CDATA[create and delete user]]>
  </system-out>
  <testcase name="f" time="0.000" classname="testngpack.Flag7"/>
  <system-out>
    <![CDATA[create and delete user]]>
  </system-out>
  <testcase name="f" time="0.000" classname="testngpack.Flag7"/>
  <system-out>
    <![CDATA[create and delete user]]>
  </system-out>
  <testcase name="f" time="0.000" classname="testngpack.Flag7"/>
  <system-out>
    <![CDATA[create and delete user]]>
  </system-out>
  <testcase name="f" time="0.000" classname="testngpack.Flag7"/>
  <system-out>
    <![CDATA[create and delete user]]>
  </system-out>
  <testcase name="f" time="0.000" classname="testngpack.Flag7"/>
  <system-out>
    <![CDATA[create and delete user]]>
  </system-out>
  <testcase name="f" time="0.000" classname="testngpack.Flag7"/>
  <system-out>
    <![CDATA[create and delete user]]>
  </system-out>
  <testcase name="f" time="0.000" classname="testngpack.Flag7"/>
  <system-out>
    <![CDATA[create and delete user]]>
  </system-out>
  <testcase name="f" time="0.000" classname="testngpack.Flag7"/>
  <system-out>
    <![CDATA[create and delete user]]>
  </system-out>
  <testcase name="f" time="0.000" classname="testngpack.Flag7"/>
  <system-out>
    <![CDATA[create and delete user]]>
  </system-out>
  <testcase name="f" time="0.000" classname="testngpack.Flag7"/>
  <system-out>
    <![CDATA[create and delete user]]>
  </system-out>
  <testcase name="f" time="0.000" classname="testngpack.Flag7"/>
  <system-out>
    <![CDATA[create and delete user]]>
  </system-out>
  <testcase name="f" time="0.000" classname="testngpack.Flag7"/>
  <system-out>
    <![CDATA[create and delete user]]>
  </system-out>
  <testcase name="f" time="0.000" classname="testngpack.Flag7"/>
  <system-out>
    <![CDATA[create and delete user]]>
  </system-out>
  <testcase name="f" time="0.000" classname="testngpack.Flag7"/>
  <system-out>
    <![CDATA[create and delete user]]>
  </system-out>
  <testcase name="f" time="0.000" classname="testngpack.Flag7"/>
  <system-out>
    <![CDATA[create and delete user]]>
  </system-out>
  <testcase name="f" time="0.001" classname="testngpack.Flag7"/>
  <system-out>
    <![CDATA[create and delete user]]>
  </system-out>
  <testcase name="f" time="0.000" classname="testngpack.Flag7"/>
  <system-out>
    <![CDATA[create and delete user]]>
  </system-out>
  <testcase name="f" time="0.000" classname="testngpack.Flag7"/>
  <system-out>
    <![CDATA[create and delete user]]>
  </system-out>
  <testcase name="f" time="0.000" classname="testngpack.Flag7"/>
  <system-out>
    <![CDATA[create and delete user]]>
  </system-out>
  <testcase name="f" time="0.000" classname="testngpack.Flag7"/>
  <system-out>
    <![CDATA[create and delete user]]>
  </system-out>
  <testcase name="f" time="0.000" classname="testngpack.Flag7"/>
  <system-out>
    <![CDATA[create and delete user]]>
  </system-out>
  <testcase name="f" time="0.001" classname="testngpack.Flag7"/>
  <system-out>
    <![CDATA[create and delete user]]>
  </system-out>
  <testcase name="f" time="0.000" classname="testngpack.Flag7"/>
  <system-out>
    <![CDATA[create and delete user]]>
  </system-out>
  <testcase name="f" time="0.000" classname="testngpack.Flag7"/>
  <system-out>
    <![CDATA[create and delete user]]>
  </system-out>
  <testcase name="f" time="0.001" classname="testngpack.Flag7"/>
  <system-out>
    <![CDATA[create and delete user]]>
  </system-out>
  <testcase name="f" time="0.000" classname="testngpack.Flag7"/>
  <system-out>
    <![CDATA[create and delete user]]>
  </system-out>
  <testcase name="f" time="0.001" classname="testngpack.Flag7"/>
  <system-out>
    <![CDATA[create and delete user]]>
  </system-out>
  <testcase name="f" time="0.000" classname="testngpack.Flag7"/>
  <system-out>
    <![CDATA[create and delete user]]>
  </system-out>
  <testcase name="f" time="0.000" classname="testngpack.Flag7"/>
  <system-out>
    <![CDATA[create and delete user]]>
  </system-out>
  <testcase name="f" time="0.000" classname="testngpack.Flag7"/>
  <system-out>
    <![CDATA[create and delete user]]>
  </system-out>
  <testcase name="f" time="0.000" classname="testngpack.Flag7"/>
  <system-out>
    <![CDATA[create and delete user]]>
  </system-out>
  <testcase name="f" time="0.000" classname="testngpack.Flag7"/>
  <system-out>
    <![CDATA[create and delete user]]>
  </system-out>
  <testcase name="f" time="0.000" classname="testngpack.Flag7"/>
  <system-out>
    <![CDATA[create and delete user]]>
  </system-out>
  <testcase name="f" time="0.000" classname="testngpack.Flag7"/>
  <system-out>
    <![CDATA[create and delete user]]>
  </system-out>
  <testcase name="f" time="0.000" classname="testngpack.Flag7"/>
  <system-out>
    <![CDATA[create and delete user]]>
  </system-out>
  <testcase name="f" time="0.000" classname="testngpack.Flag7"/>
  <system-out>
    <![CDATA[create and delete user]]>
  </system-out>
  <testcase name="f" time="0.001" classname="testngpack.Flag7"/>
  <system-out>
    <![CDATA[create and delete user]]>
  </system-out>
  <testcase name="f" time="0.000" classname="testngpack.Flag7"/>
  <system-out>
    <![CDATA[create and delete user]]>
  </system-out>
  <testcase name="f" time="0.000" classname="testngpack.Flag7"/>
  <system-out>
    <![CDATA[create and delete user]]>
  </system-out>
  <testcase name="f" time="0.000" classname="testngpack.Flag7"/>
  <system-out>
    <![CDATA[create and delete user]]>
  </system-out>
  <testcase name="f" time="0.000" classname="testngpack.Flag7"/>
  <system-out>
    <![CDATA[create and delete user]]>
  </system-out>
  <testcase name="f" time="0.001" classname="testngpack.Flag7"/>
  <system-out>
    <![CDATA[create and delete user]]>
  </system-out>
  <testcase name="f" time="0.010" classname="testngpack.Flag7"/>
  <system-out>
    <![CDATA[create and delete user]]>
  </system-out>
  <testcase name="f" time="0.000" classname="testngpack.Flag7"/>
  <system-out>
    <![CDATA[create and delete user]]>
  </system-out>
  <testcase name="f" time="0.000" classname="testngpack.Flag7"/>
  <system-out>
    <![CDATA[create and delete user]]>
  </system-out>
  <testcase name="f" time="0.000" classname="testngpack.Flag7"/>
  <system-out>
    <![CDATA[create and delete user]]>
  </system-out>
  <testcase name="f" time="0.000" classname="testngpack.Flag7"/>
  <system-out>
    <![CDATA[create and delete user]]>
  </system-out>
  <testcase name="f" time="0.000" classname="testngpack.Flag7"/>
  <system-out>
    <![CDATA[create and delete user]]>
  </system-out>
  <testcase name="f" time="0.000" classname="testngpack.Flag7"/>
  <system-out>
    <![CDATA[create and delete user]]>
  </system-out>
  <testcase name="f" time="0.000" classname="testngpack.Flag7"/>
  <system-out>
    <![CDATA[create and delete user]]>
  </system-out>
  <testcase name="f" time="0.004" classname="testngpack.Flag7"/>
  <system-out>
    <![CDATA[create and delete user]]>
  </system-out>
  <testcase name="f" time="0.001" classname="testngpack.Flag7"/>
  <system-out>
    <![CDATA[create and delete user]]>
  </system-out>
  <testcase name="f" time="0.000" classname="testngpack.Flag7"/>
  <system-out>
    <![CDATA[create and delete user]]>
  </system-out>
  <testcase name="f" time="0.000" classname="testngpack.Flag7"/>
  <system-out>
    <![CDATA[create and delete user]]>
  </system-out>
  <testcase name="f" time="0.000" classname="testngpack.Flag7"/>
  <system-out>
    <![CDATA[create and delete user]]>
  </system-out>
  <testcase name="f" time="0.000" classname="testngpack.Flag7"/>
  <system-out>
    <![CDATA[create and delete user]]>
  </system-out>
  <testcase name="f" time="0.000" classname="testngpack.Flag7"/>
  <system-out>
    <![CDATA[create and delete user]]>
  </system-out>
  <testcase name="f" time="0.000" classname="testngpack.Flag7"/>
  <system-out>
    <![CDATA[create and delete user]]>
  </system-out>
  <testcase name="f" time="0.000" classname="testngpack.Flag7"/>
  <system-out>
    <![CDATA[create and delete user]]>
  </system-out>
  <testcase name="f" time="0.010" classname="testngpack.Flag7"/>
  <system-out>
    <![CDATA[create and delete user]]>
  </system-out>
  <testcase name="f" time="0.000" classname="testngpack.Flag7"/>
  <system-out>
    <![CDATA[create and delete user]]>
  </system-out>
  <testcase name="f" time="0.001" classname="testngpack.Flag7"/>
  <system-out>
    <![CDATA[create and delete user]]>
  </system-out>
  <testcase name="f" time="0.000" classname="testngpack.Flag7"/>
  <system-out>
    <![CDATA[create and delete user]]>
  </system-out>
  <testcase name="f" time="0.000" classname="testngpack.Flag7"/>
  <system-out>
    <![CDATA[create and delete user]]>
  </system-out>
  <testcase name="f" time="0.000" classname="testngpack.Flag7"/>
  <system-out>
    <![CDATA[create and delete user]]>
  </system-out>
  <testcase name="f" time="0.000" classname="testngpack.Flag7"/>
  <system-out>
    <![CDATA[create and delete user]]>
  </system-out>
  <testcase name="f" time="0.000" classname="testngpack.Flag7"/>
  <system-out>
    <![CDATA[create and delete user]]>
  </system-out>
  <testcase name="f" time="0.000" classname="testngpack.Flag7"/>
  <system-out>
    <![CDATA[create and delete user]]>
  </system-out>
  <testcase name="f" time="0.000" classname="testngpack.Flag7"/>
  <system-out>
    <![CDATA[create and delete user]]>
  </system-out>
  <testcase name="f" time="0.000" classname="testngpack.Flag7"/>
  <system-out>
    <![CDATA[create and delete user]]>
  </system-out>
  <testcase name="f" time="0.000" classname="testngpack.Flag7"/>
  <system-out>
    <![CDATA[create and delete user]]>
  </system-out>
  <testcase name="f" time="0.000" classname="testngpack.Flag7"/>
  <system-out>
    <![CDATA[create and delete user]]>
  </system-out>
  <testcase name="f" time="0.000" classname="testngpack.Flag7"/>
  <system-out>
    <![CDATA[create and delete user]]>
  </system-out>
  <testcase name="f" time="0.000" classname="testngpack.Flag7"/>
  <system-out>
    <![CDATA[create and delete user]]>
  </system-out>
  <testcase name="f" time="0.000" classname="testngpack.Flag7"/>
  <system-out>
    <![CDATA[create and delete user]]>
  </system-out>
  <testcase name="f" time="0.000" classname="testngpack.Flag7"/>
  <system-out>
    <![CDATA[create and delete user]]>
  </system-out>
  <testcase name="f" time="0.000" classname="testngpack.Flag7"/>
  <system-out>
    <![CDATA[create and delete user]]>
  </system-out>
  <testcase name="f" time="0.001" classname="testngpack.Flag7"/>
  <system-out>
    <![CDATA[create and delete user]]>
  </system-out>
  <testcase name="f" time="0.000" classname="testngpack.Flag7"/>
  <system-out>
    <![CDATA[create and delete user]]>
  </system-out>
  <testcase name="f" time="0.008" classname="testngpack.Flag7"/>
  <system-out>
    <![CDATA[create and delete user]]>
  </system-out>
  <testcase name="f" time="0.000" classname="testngpack.Flag7"/>
  <system-out>
    <![CDATA[create and delete user]]>
  </system-out>
  <testcase name="f" time="0.000" classname="testngpack.Flag7"/>
  <system-out>
    <![CDATA[create and delete user]]>
  </system-out>
  <testcase name="f" time="0.000" classname="testngpack.Flag7"/>
  <system-out>
    <![CDATA[create and delete user]]>
  </system-out>
  <testcase name="f" time="0.000" classname="testngpack.Flag7"/>
  <system-out>
    <![CDATA[create and delete user]]>
  </system-out>
  <testcase name="f" time="0.000" classname="testngpack.Flag7"/>
  <system-out>
    <![CDATA[create and delete user]]>
  </system-out>
  <testcase name="f" time="0.000" classname="testngpack.Flag7"/>
  <system-out>
    <![CDATA[create and delete user]]>
  </system-out>
  <testcase name="f" time="0.000" classname="testngpack.Flag7"/>
  <system-out>
    <![CDATA[create and delete user]]>
  </system-out>
  <testcase name="f" time="0.000" classname="testngpack.Flag7"/>
  <system-out>
    <![CDATA[create and delete user]]>
  </system-out>
  <testcase name="f" time="0.000" classname="testngpack.Flag7"/>
  <system-out>
    <![CDATA[create and delete user]]>
  </system-out>
  <testcase name="f" time="0.001" classname="testngpack.Flag7"/>
  <system-out>
    <![CDATA[create and delete user]]>
  </system-out>
  <testcase name="f" time="0.000" classname="testngpack.Flag7"/>
  <system-out>
    <![CDATA[create and delete user]]>
  </system-out>
  <testcase name="f" time="0.000" classname="testngpack.Flag7"/>
  <system-out>
    <![CDATA[create and delete user]]>
  </system-out>
  <testcase name="f" time="0.001" classname="testngpack.Flag7"/>
  <system-out>
    <![CDATA[create and delete user]]>
  </system-out>
  <testcase name="f" time="0.000" classname="testngpack.Flag7"/>
  <system-out>
    <![CDATA[create and delete user]]>
  </system-out>
  <testcase name="f" time="0.000" classname="testngpack.Flag7"/>
  <system-out>
    <![CDATA[create and delete user]]>
  </system-out>
  <testcase name="f" time="0.000" classname="testngpack.Flag7"/>
  <system-out>
    <![CDATA[create and delete user]]>
  </system-out>
  <testcase name="f" time="0.000" classname="testngpack.Flag7"/>
  <system-out>
    <![CDATA[create and delete user]]>
  </system-out>
  <testcase name="f" time="0.005" classname="testngpack.Flag7"/>
  <system-out>
    <![CDATA[create and delete user]]>
  </system-out>
  <testcase name="f" time="0.001" classname="testngpack.Flag7"/>
  <system-out>
    <![CDATA[create and delete user]]>
  </system-out>
  <testcase name="f" time="0.000" classname="testngpack.Flag7"/>
  <system-out>
    <![CDATA[create and delete user]]>
  </system-out>
  <testcase name="f" time="0.001" classname="testngpack.Flag7"/>
  <system-out>
    <![CDATA[create and delete user]]>
  </system-out>
  <testcase name="f" time="0.007" classname="testngpack.Flag7"/>
  <system-out>
    <![CDATA[create and delete user]]>
  </system-out>
  <testcase name="f" time="0.000" classname="testngpack.Flag7"/>
  <system-out>
    <![CDATA[create and delete user]]>
  </system-out>
  <testcase name="f" time="0.000" classname="testngpack.Flag7"/>
  <system-out>
[...]
  <system-out>
    <![CDATA[create and delete user]]>
  </system-out>
  <testcase name="f" time="0.000" classname="testngpack.Flag7"/>
  <system-out>
    <![CDATA[create and delete user]]>
  </system-out>
  <testcase name="f" time="0.002" classname="testngpack.Flag7"/>
  <system-out>
    <![CDATA[create and delete user]]>
  </system-out>
  <testcase name="f" time="0.000" classname="testngpack.Flag7"/>
  <system-out>
    <![CDATA[create and delete user]]>
  </system-out>
  <testcase name="f" time="0.000" classname="testngpack.Flag7"/>
  <system-out>
    <![CDATA[create and delete user]]>
  </system-out>
  <testcase name="f" time="0.000" classname="testngpack.Flag7"/>
  <system-out>
    <![CDATA[create and delete user]]>
  </system-out>
  <testcase name="f" time="0.000" classname="testngpack.Flag7"/>
  <system-out>
    <![CDATA[create and delete user]]>
  </system-out>
  <testcase name="f" time="0.000" classname="testngpack.Flag7"/>
  <system-out>
    <![CDATA[create and delete user]]>
  </system-out>
  <testcase name="f" time="0.000" classname="testngpack.Flag7"/>
  <system-out>
    <![CDATA[create and delete user]]>
  </system-out>
  <testcase name="f" time="0.000" classname="testngpack.Flag7"/>
  <system-out>
    <![CDATA[create and delete user]]>
  </system-out>
  <testcase name="f" time="0.000" classname="testngpack.Flag7"/>
  <system-out>
    <![CDATA[create and delete user]]>
  </system-out>
  <testcase name="f" time="0.000" classname="testngpack.Flag7"/>
  <system-out>
    <![CDATA[create and delete user]]>
  </system-out>
  <testcase name="f" time="0.000" classname="testngpack.Flag7"/>
  <system-out>
    <![CDATA[create and delete user]]>
  </system-out>
  <testcase name="f" time="0.000" classname="testngpack.Flag7"/>
  <system-out>
    <![CDATA[create and delete user]]>
  </system-out>
  <testcase name="f" time="0.001" classname="testngpack.Flag7"/>
  <system-out>
    <![CDATA[create and delete user]]>
  </system-out>
  <testcase name="f" time="0.000" classname="testngpack.Flag7"/>
  <system-out>
    <![CDATA[create and delete user]]>
  </system-out>
  <testcase name="f" time="0.000" classname="testngpack.Flag7"/>
  <system-out>
    <![CDATA[create and delete user]]>
  </system-out>
  <testcase name="f" time="0.000" classname="testngpack.Flag7"/>
  <system-out>
    <![CDATA[create and delete user]]>
  </system-out>
  <testcase name="f" time="0.000" classname="testngpack.Flag7"/>
  <system-out>
    <![CDATA[create and delete user]]>
  </system-out>
  <testcase name="f" time="0.000" classname="testngpack.Flag7"/>
  <system-out>
    <![CDATA[create and delete user]]>
  </system-out>
  <testcase name="f" time="0.000" classname="testngpack.Flag7"/>
  <system-out>
    <![CDATA[create and delete user]]>
  </system-out>
  <testcase name="f" time="0.000" classname="testngpack.Flag7"/>
  <system-out>
    <![CDATA[create and delete user]]>
  </system-out>
  <testcase name="f" time="0.001" classname="testngpack.Flag7"/>
  <system-out>
    <![CDATA[create and delete user]]>
  </system-out>
  <testcase name="f" time="0.000" classname="testngpack.Flag7"/>
  <system-out>
    <![CDATA[create and delete user]]>
  </system-out>
  <testcase name="f" time="0.000" classname="testngpack.Flag7"/>
  <system-out>
    <![CDATA[create and delete user]]>
  </system-out>
  <testcase name="f" time="0.000" classname="testngpack.Flag7"/>
  <system-out>
    <![CDATA[create and delete user]]>
  </system-out>
  <testcase name="f" time="0.000" classname="testngpack.Flag7"/>
  <system-out>
    <![CDATA[create and delete user]]>
  </system-out>
  <testcase name="f" time="0.000" classname="testngpack.Flag7"/>
  <system-out>
    <![CDATA[create and delete user]]>
  </system-out>
  <testcase name="f" time="0.000" classname="testngpack.Flag7"/>
  <system-out>
    <![CDATA[create and delete user]]>
  </system-out>
  <testcase name="f" time="0.000" classname="testngpack.Flag7"/>
  <system-out>
    <![CDATA[create and delete user]]>
  </system-out>
  <testcase name="f" time="0.002" classname="testngpack.Flag7"/>
  <system-out>
    <![CDATA[create and delete user]]>
  </system-out>
  <testcase name="f" time="0.000" classname="testngpack.Flag7"/>
  <system-out>
    <![CDATA[create and delete user]]>
  </system-out>
  <testcase name="f" time="0.000" classname="testngpack.Flag7"/>
  <system-out>
    <![CDATA[create and delete user]]>
  </system-out>
  <testcase name="f" time="0.000" classname="testngpack.Flag7"/>
  <system-out>
    <![CDATA[create and delete user]]>
  </system-out>
  <testcase name="f" time="0.000" classname="testngpack.Flag7"/>
  <system-out>
    <![CDATA[create and delete user]]>
  </system-out>
  <testcase name="f" time="0.000" classname="testngpack.Flag7"/>
  <system-out>
    <![CDATA[create and delete user]]>
  </system-out>
  <testcase name="f" time="0.000" classname="testngpack.Flag7"/>
  <system-out>
    <![CDATA[create and delete user]]>
  </system-out>
  <testcase name="f" time="0.000" classname="testngpack.Flag7"/>
  <system-out>
    <![CDATA[create and delete user]]>
  </system-out>
  <testcase name="f" time="0.000" classname="testngpack.Flag7"/>
  <system-out>
    <![CDATA[create and delete user]]>
  </system-out>
  <testcase name="f" time="0.000" classname="testngpack.Flag7"/>
  <system-out>
    <![CDATA[create and delete user]]>
  </system-out>
  <testcase name="f" time="0.000" classname="testngpack.Flag7"/>
  <system-out>
    <![CDATA[create and delete user]]>
  </system-out>
  <testcase name="f" time="0.000" classname="testngpack.Flag7"/>
  <system-out>
    <![CDATA[create and delete user]]>
  </system-out>
  <testcase name="f" time="0.000" classname="testngpack.Flag7"/>
  <system-out>
    <![CDATA[create and delete user]]>
  </system-out>
  <testcase name="f" time="0.000" classname="testngpack.Flag7"/>
  <system-out>
    <![CDATA[create and delete user]]>
  </system-out>
  <testcase name="f" time="0.000" classname="testngpack.Flag7"/>
  <system-out>
    <![CDATA[create and delete user]]>
  </system-out>
  <testcase name="f" time="0.000" classname="testngpack.Flag7"/>
  <system-out>
    <![CDATA[create and delete user]]>
  </system-out>
  <testcase name="f" time="0.000" classname="testngpack.Flag7"/>
  <system-out>
    <![CDATA[create and delete user]]>
  </system-out>
  <testcase name="f" time="0.001" classname="testngpack.Flag7"/>
  <system-out>
    <![CDATA[create and delete user]]>
  </system-out>
  <testcase name="f" time="0.000" classname="testngpack.Flag7"/>
  <system-out>
    <![CDATA[create and delete user]]>
  </system-out>
  <testcase name="f" time="0.000" classname="testngpack.Flag7"/>
  <system-out>
    <![CDATA[create and delete user]]>
  </system-out>
  <testcase name="f" time="0.000" classname="testngpack.Flag7"/>
  <system-out>
    <![CDATA[create and delete user]]>
  </system-out>
  <testcase name="f" time="0.000" classname="testngpack.Flag7"/>
  <system-out>
    <![CDATA[create and delete user]]>
  </system-out>
  <testcase name="f" time="0.000" classname="testngpack.Flag7"/>
  <system-out>
    <![CDATA[create and delete user]]>
  </system-out>
  <testcase name="f" time="0.000" classname="testngpack.Flag7"/>
  <system-out>
    <![CDATA[create and delete user]]>
  </system-out>
  <testcase name="f" time="0.000" classname="testngpack.Flag7"/>
  <system-out>
    <![CDATA[create and delete user]]>
  </system-out>
  <testcase name="f" time="0.000" classname="testngpack.Flag7"/>
  <system-out>
    <![CDATA[create and delete user]]>
  </system-out>
  <testcase name="f" time="0.001" classname="testngpack.Flag7"/>
  <system-out>
    <![CDATA[create and delete user]]>
  </system-out>
  <testcase name="f" time="0.000" classname="testngpack.Flag7"/>
  <system-out>
    <![CDATA[create and delete user]]>
  </system-out>
  <testcase name="f" time="0.000" classname="testngpack.Flag7"/>
  <system-out>
    <![CDATA[create and delete user]]>
  </system-out>
  <testcase name="f" time="0.000" classname="testngpack.Flag7"/>
  <system-out>
    <![CDATA[create and delete user]]>
  </system-out>
  <testcase name="f" time="0.000" classname="testngpack.Flag7"/>
  <system-out>
    <![CDATA[create and delete user]]>
  </system-out>
  <testcase name="f" time="0.000" classname="testngpack.Flag7"/>
  <system-out>
    <![CDATA[create and delete user]]>
  </system-out>
  <testcase name="f" time="0.000" classname="testngpack.Flag7"/>
  <system-out>
    <![CDATA[create and delete user]]>
  </system-out>
  <testcase name="f" time="0.000" classname="testngpack.Flag7"/>
  <system-out>
    <![CDATA[create and delete user]]>
  </system-out>
  <testcase name="f" time="0.000" classname="testngpack.Flag7"/>
  <system-out>
    <![CDATA[create and delete user]]>
  </system-out>
  <testcase name="f" time="0.001" classname="testngpack.Flag7"/>
  <system-out>
    <![CDATA[create and delete user]]>
  </system-out>
  <testcase name="f" time="0.000" classname="testngpack.Flag7"/>
  <system-out>
    <![CDATA[create and delete user]]>
  </system-out>
  <testcase name="f" time="0.000" classname="testngpack.Flag7"/>
  <system-out>
    <![CDATA[create and delete user]]>
  </system-out>
  <testcase name="f" time="0.000" classname="testngpack.Flag7"/>
  <system-out>
    <![CDATA[create and delete user]]>
  </system-out>
  <testcase name="f" time="0.001" classname="testngpack.Flag7"/>
  <system-out>
    <![CDATA[create and delete user]]>
  </system-out>
  <testcase name="f" time="0.001" classname="testngpack.Flag7"/>
  <system-out>
    <![CDATA[create and delete user]]>
  </system-out>
  <testcase name="f" time="0.000" classname="testngpack.Flag7"/>
  <system-out>
    <![CDATA[create and delete user]]>
  </system-out>
  <testcase name="f" time="0.000" classname="testngpack.Flag7"/>
  <system-out>
    <![CDATA[create and delete user]]>
  </system-out>
  <testcase name="f" time="0.000" classname="testngpack.Flag7"/>
  <system-out>
    <![CDATA[create and delete user]]>
  </system-out>
  <testcase name="f" time="0.000" classname="testngpack.Flag7"/>
  <system-out>
    <![CDATA[create and delete user]]>
  </system-out>
  <testcase name="f" time="0.001" classname="testngpack.Flag7"/>
  <system-out>
    <![CDATA[create and delete user]]>
  </system-out>
  <testcase name="f" time="0.002" classname="testngpack.Flag7"/>
  <system-out>
    <![CDATA[create and delete user]]>
  </system-out>
  <testcase name="f" time="0.000" classname="testngpack.Flag7"/>
  <system-out>
    <![CDATA[create and delete user]]>
  </system-out>
  <testcase name="f" time="0.000" classname="testngpack.Flag7"/>
  <system-out>
    <![CDATA[create and delete user]]>
  </system-out>
  <testcase name="f" time="0.000" classname="testngpack.Flag7"/>
  <system-out>
    <![CDATA[create and delete user]]>
  </system-out>
  <testcase name="f" time="0.000" classname="testngpack.Flag7"/>
  <system-out>
    <![CDATA[create and delete user]]>
  </system-out>
  <testcase name="f" time="0.001" classname="testngpack.Flag7"/>
  <system-out>
    <![CDATA[create and delete user]]>
  </system-out>
  <testcase name="f" time="0.000" classname="testngpack.Flag7"/>
  <system-out>
    <![CDATA[create and delete user]]>
  </system-out>
  <testcase name="f" time="0.000" classname="testngpack.Flag7"/>
  <system-out>
    <![CDATA[create and delete user]]>
  </system-out>
  <testcase name="f" time="0.000" classname="testngpack.Flag7"/>
  <system-out>
    <![CDATA[create and delete user]]>
  </system-out>
  <testcase name="f" time="0.000" classname="testngpack.Flag7"/>
  <system-out>
    <![CDATA[create and delete user]]>
  </system-out>
  <testcase name="f" time="0.001" classname="testngpack.Flag7"/>
  <system-out>
    <![CDATA[create and delete user]]>
  </system-out>
  <testcase name="f" time="0.000" classname="testngpack.Flag7"/>
  <system-out>
    <![CDATA[create and delete user]]>
  </system-out>
  <testcase name="f" time="0.002" classname="testngpack.Flag7"/>
  <system-out>
    <![CDATA[create and delete user]]>
  </system-out>
  <testcase name="f" time="0.000" classname="testngpack.Flag7"/>
  <system-out>
    <![CDATA[create and delete user]]>
  </system-out>
  <testcase name="f" time="0.000" classname="testngpack.Flag7"/>
  <system-out>
    <![CDATA[create and delete user]]>
  </system-out>
  <testcase name="f" time="0.001" classname="testngpack.Flag7"/>
  <system-out>
    <![CDATA[create and delete user]]>
  </system-out>
  <testcase name="f" time="0.036" classname="testngpack.Flag7"/>
  <system-out>
    <![CDATA[create and delete user]]>
  </system-out>
  <testcase name="f" time="0.000" classname="testngpack.Flag7"/>
  <system-out>
    <![CDATA[create and delete user]]>
  </system-out>
  <testcase name="f" time="0.000" classname="testngpack.Flag7"/>
  <system-out>
    <![CDATA[create and delete user]]>
  </system-out>
  <testcase name="f" time="0.004" classname="testngpack.Flag7"/>
  <system-out>
    <![CDATA[create and delete user]]>
  </system-out>
  <testcase name="f" time="0.010" classname="testngpack.Flag7"/>
  <system-out>
    <![CDATA[create and delete user]]>
  </system-out>
  <testcase name="f" time="0.005" classname="testngpack.Flag7"/>
  <system-out>
    <![CDATA[create and delete user]]>
  </system-out>
  <testcase name="f" time="0.000" classname="testngpack.Flag7"/>
  <system-out>
    <![CDATA[create and delete user]]>
  </system-out>
  <testcase name="f" time="0.000" classname="testngpack.Flag7"/>
  <system-out>
    <![CDATA[create and delete user]]>
  </system-out>
  <testcase name="f" time="0.008" classname="testngpack.Flag7"/>
  <system-out>
    <![CDATA[create and delete user]]>
  </system-out>
  <testcase name="f" time="0.000" classname="testngpack.Flag7"/>
  <system-out>
    <![CDATA[create and delete user]]>
  </system-out>
  <testcase name="f" time="0.000" classname="testngpack.Flag7"/>
  <system-out>
    <![CDATA[create and delete user]]>
  </system-out>
  <testcase name="f" time="0.008" classname="testngpack.Flag7"/>
  <system-out>
    <![CDATA[create and delete user]]>
  </system-out>
  <testcase name="f" time="0.008" classname="testngpack.Flag7"/>
  <system-out>
    <![CDATA[create and delete user]]>
  </system-out>
  <testcase name="f" time="0.000" classname="testngpack.Flag7"/>
  <system-out>
    <![CDATA[create and delete user]]>
  </system-out>
  <testcase name="f" time="0.000" classname="testngpack.Flag7"/>
  <system-out>
    <![CDATA[create and delete user]]>
  </system-out>
  <testcase name="f" time="0.000" classname="testngpack.Flag7"/>
  <system-out>
    <![CDATA[create and delete user]]>
  </system-out>
  <testcase name="f" time="0.000" classname="testngpack.Flag7"/>
  <system-out>
    <![CDATA[create and delete user]]>
  </system-out>
  <testcase name="f" time="0.000" classname="testngpack.Flag7"/>
  <system-out>
    <![CDATA[create and delete user]]>
  </system-out>
  <testcase name="f" time="0.000" classname="testngpack.Flag7"/>
  <system-out>
    <![CDATA[create and delete user]]>
  </system-out>
  <testcase name="f" time="0.000" classname="testngpack.Flag7"/>
  <system-out>
    <![CDATA[create and delete user]]>
  </system-out>
  <testcase name="f" time="0.000" classname="testngpack.Flag7"/>
  <system-out>
    <![CDATA[create and delete user]]>
  </system-out>
  <testcase name="f" time="0.006" classname="testngpack.Flag7"/>
  <system-out>
    <![CDATA[create and delete user]]>
  </system-out>
  <testcase name="f" time="0.000" classname="testngpack.Flag7"/>
  <system-out>
    <![CDATA[create and delete user]]>
  </system-out>
  <testcase name="f" time="0.000" classname="testngpack.Flag7"/>
  <system-out>
    <![CDATA[create and delete user]]>
  </system-out>
  <testcase name="f" time="0.004" classname="testngpack.Flag7"/>
  <system-out>
    <![CDATA[create and delete user]]>
  </system-out>
  <testcase name="f" time="0.001" classname="testngpack.Flag7"/>
  <system-out>
    <![CDATA[create and delete user]]>
  </system-out>
  <testcase name="f" time="0.001" classname="testngpack.Flag7"/>
  <system-out>
    <![CDATA[create and delete user]]>
  </system-out>
  <testcase name="f" time="0.000" classname="testngpack.Flag7"/>
  <system-out>
    <![CDATA[create and delete user]]>
  </system-out>
  <testcase name="f" time="0.002" classname="testngpack.Flag7"/>
  <system-out>
    <![CDATA[create and delete user]]>
  </system-out>
  <testcase name="f" time="0.000" classname="testngpack.Flag7"/>
  <system-out>
    <![CDATA[create and delete user]]>
  </system-out>
  <testcase name="f" time="0.000" classname="testngpack.Flag7"/>
  <system-out>
    <![CDATA[create and delete user]]>
  </system-out>
  <testcase name="f" time="0.000" classname="testngpack.Flag7"/>
  <system-out>
    <![CDATA[create and delete user]]>
  </system-out>
  <testcase name="f" time="0.000" classname="testngpack.Flag7"/>
  <system-out>
    <![CDATA[create and delete user]]>
  </system-out>
  <testcase name="f" time="0.001" classname="testngpack.Flag7"/>
  <system-out>
    <![CDATA[create and delete user]]>
  </system-out>
  <testcase name="f" time="0.000" classname="testngpack.Flag7"/>
  <system-out>
    <![CDATA[create and delete user]]>
  </system-out>
  <testcase name="f" time="0.000" classname="testngpack.Flag7"/>
  <system-out>
    <![CDATA[create and delete user]]>
  </system-out>
  <testcase name="f" time="0.001" classname="testngpack.Flag7"/>
  <system-out>
    <![CDATA[create and delete user]]>
  </system-out>
  <testcase name="f" time="0.000" classname="testngpack.Flag7"/>
  <system-out>
    <![CDATA[create and delete user]]>
  </system-out>
  <testcase name="f" time="0.006" classname="testngpack.Flag7"/>
  <system-out>
    <![CDATA[create and delete user]]>
  </system-out>
  <testcase name="f" time="0.000" classname="testngpack.Flag7"/>
  <system-out>
    <![CDATA[create and delete user]]>
  </system-out>
  <testcase name="f" time="0.000" classname="testngpack.Flag7"/>
  <system-out>
    <![CDATA[create and delete user]]>
  </system-out>
  <testcase name="f" time="0.000" classname="testngpack.Flag7"/>
  <system-out>
    <![CDATA[create and delete user]]>
  </system-out>
  <testcase name="f" time="0.001" classname="testngpack.Flag7"/>
  <system-out>
    <![CDATA[create and delete user]]>
  </system-out>
  <testcase name="f" time="0.000" classname="testngpack.Flag7"/>
  <system-out>
    <![CDATA[create and delete user]]>
  </system-out>
  <testcase name="f" time="0.000" classname="testngpack.Flag7"/>
  <system-out>
    <![CDATA[create and delete user]]>
  </system-out>
  <testcase name="f" time="0.000" classname="testngpack.Flag7"/>
  <system-out>
    <![CDATA[create and delete user]]>
  </system-out>
  <testcase name="f" time="0.001" classname="testngpack.Flag7"/>
  <system-out>
    <![CDATA[create and delete user]]>
  </system-out>
  <testcase name="f" time="0.000" classname="testngpack.Flag7"/>
  <system-out>
    <![CDATA[create and delete user]]>
  </system-out>
  <testcase name="f" time="0.000" classname="testngpack.Flag7"/>
  <system-out>
    <![CDATA[create and delete user]]>
  </system-out>
  <testcase name="f" time="0.000" classname="testngpack.Flag7"/>
  <system-out>
    <![CDATA[create and delete user]]>
  </system-out>
  <testcase name="f" time="0.000" classname="testngpack.Flag7"/>
  <system-out>
    <![CDATA[create and delete user]]>
  </system-out>
  <testcase name="f" time="0.000" classname="testngpack.Flag7"/>
  <system-out>
    <![CDATA[create and delete user]]>
  </system-out>
  <testcase name="f" time="0.000" classname="testngpack.Flag7"/>
  <system-out>
    <![CDATA[create and delete user]]>
  </system-out>
  <testcase name="f" time="0.000" classname="testngpack.Flag7"/>
  <system-out>
    <![CDATA[create and delete user]]>
  </system-out>
  <testcase name="f" time="0.000" classname="testngpack.Flag7"/>
  <system-out>
    <![CDATA[create and delete user]]>
  </system-out>
  <testcase name="f" time="0.000" classname="testngpack.Flag7"/>
  <system-out>
    <![CDATA[create and delete user]]>
  </system-out>
</testsuite> <!-- testngpack.Flag7 -->
